Submit skim jobs at 
PWD: /afs/cern.ch/work/r/rpradhan/With_NirbhayBhai/Pythia8_V1

You have given 5 arguments including the program name;  Your program will run


Starting at : Tue Nov 21 18:01:10 2023

++++++++++++++++++++++++++++++++++++++++++++++++++++++++++++++++ 

Adding file:--- /eos/user/r/rpradhan/Research/With_NirbhayBhai/RootFile/Step_1/Step1_471/pp13TeV_Step1.root--- to the chains
Adding file:--- /eos/user/r/rpradhan/Research/With_NirbhayBhai/RootFile/Step_1/Step1_472/pp13TeV_Step1.root--- to the chains
Adding file:--- /eos/user/r/rpradhan/Research/With_NirbhayBhai/RootFile/Step_1/Step1_473/pp13TeV_Step1.root--- to the chains
Adding file:--- /eos/user/r/rpradhan/Research/With_NirbhayBhai/RootFile/Step_1/Step1_474/pp13TeV_Step1.root--- to the chains
Adding file:--- /eos/user/r/rpradhan/Research/With_NirbhayBhai/RootFile/Step_1/Step1_475/pp13TeV_Step1.root--- to the chains
Adding file:--- /eos/user/r/rpradhan/Research/With_NirbhayBhai/RootFile/Step_1/Step1_476/pp13TeV_Step1.root--- to the chains
Adding file:--- /eos/user/r/rpradhan/Research/With_NirbhayBhai/RootFile/Step_1/Step1_477/pp13TeV_Step1.root--- to the chains
Adding file:--- /eos/user/r/rpradhan/Research/With_NirbhayBhai/RootFile/Step_1/Step1_478/pp13TeV_Step1.root--- to the chains
Adding file:--- /eos/user/r/rpradhan/Research/With_NirbhayBhai/RootFile/Step_1/Step1_479/pp13TeV_Step1.root--- to the chains
Adding file:--- /eos/user/r/rpradhan/Research/With_NirbhayBhai/RootFile/Step_1/Step1_480/pp13TeV_Step1.root--- to the chains

Total number of events in those files: 100000

0  events running of total events 100000
10000  events running of total events 100000
20000  events running of total events 100000
30000  events running of total events 100000
40000  events running of total events 100000
50000  events running of total events 100000
60000  events running of total events 100000
70000  events running of total events 100000
80000  events running of total events 100000
90000  events running of total events 100000

~~~~~~~~~~mixing loop start~~~~~~~~~~~~~~~~~~~~

0 th event running for mixing of total events 99975 with multiplicity 29
10000 th event running for mixing of total events 99975 with multiplicity 22
20000 th event running for mixing of total events 99975 with multiplicity 11
30000 th event running for mixing of total events 99975 with multiplicity 140
40000 th event running for mixing of total events 99975 with multiplicity 121
50000 th event running for mixing of total events 99975 with multiplicity 53
60000 th event running for mixing of total events 99975 with multiplicity 14
70000 th event running for mixing of total events 99975 with multiplicity 64
80000 th event running for mixing of total events 99975 with multiplicity 11
90000 th event running for mixing of total events 99975 with multiplicity 44

~~~~~~~~~~mixing loop end~~~~~~~~~~~~~~~~~~~~~~

~~~~~~~~~~~~~~~~~~~~~~~~~~Finished, DONE~~~~~~~~~~~~~~~~~~~~~~~~~~~~~~~~~~

========================================
Total running time: 417.83 [s]
========================================

+++++++++++++++++++++++++++++++++++++++++++++++++++++++++++++++++++++++++++

Stopping at : Tue Nov 21 18:08:12 2023

+++++++++++++++++++++++++++++++++++++++++++++++++++++++++++++++++++++++++++

