000 (5202857.031.000) 11/21 18:00:03 Job submitted from host: <137.138.55.115:9618?addrs=137.138.55.115-9618+[2001-1458-d00-17--12a]-9618&alias=bigbird23.cern.ch&noUDP&sock=schedd_590833_df83>
...
040 (5202857.031.000) 11/21 18:01:01 Started transferring input files
	Transferring to host: <128.142.57.63:9618?addrs=128.142.57.63-9618+[2001-1458-301-7--100-3e]-9618&alias=b7s02p2266.cern.ch&noUDP&sock=slot1_2_4526_b9f1_267682>
...
040 (5202857.031.000) 11/21 18:01:01 Finished transferring input files
...
001 (5202857.031.000) 11/21 18:01:02 Job executing on host: <128.142.57.63:9618?addrs=128.142.57.63-9618+[2001-1458-301-7--100-3e]-9618&alias=b7s02p2266.cern.ch&noUDP&sock=startd_3021_bbb3>
...
006 (5202857.031.000) 11/21 18:01:10 Image size of job updated: 77404
	76  -  MemoryUsage of job (MB)
	77404  -  ResidentSetSize of job (KB)
...
006 (5202857.031.000) 11/21 18:06:10 Image size of job updated: 935168
	428  -  MemoryUsage of job (MB)
	437936  -  ResidentSetSize of job (KB)
...
040 (5202857.031.000) 11/21 18:07:44 Started transferring output files
...
040 (5202857.031.000) 11/21 18:07:44 Finished transferring output files
...
005 (5202857.031.000) 11/21 18:07:44 Job terminated.
	(1) Normal termination (return value 0)
		Usr 0 00:06:37, Sys 0 00:00:01  -  Run Remote Usage
		Usr 0 00:00:00, Sys 0 00:00:00  -  Run Local Usage
		Usr 0 00:06:37, Sys 0 00:00:01  -  Total Remote Usage
		Usr 0 00:00:00, Sys 0 00:00:00  -  Total Local Usage
	9213  -  Run Bytes Sent By Job
	179  -  Run Bytes Received By Job
	9213  -  Total Bytes Sent By Job
	179  -  Total Bytes Received By Job
	Partitionable Resources :    Usage  Request Allocated 
	   Cpus                 :                 4         4 
	   Disk (KB)            :       27        1   1260201 
	   Memory (MB)          :      428     8000      8000 

	Job terminated of its own accord at 2023-11-21T17:07:44Z.
...
