000 (5202857.022.000) 11/21 18:00:03 Job submitted from host: <137.138.55.115:9618?addrs=137.138.55.115-9618+[2001-1458-d00-17--12a]-9618&alias=bigbird23.cern.ch&noUDP&sock=schedd_590833_df83>
...
040 (5202857.022.000) 11/21 18:00:58 Started transferring input files
	Transferring to host: <128.142.56.164:9618?addrs=128.142.56.164-9618+[2001-1458-301-6--100-a3]-9618&alias=b7s01p4175.cern.ch&noUDP&sock=slot1_1_53386_0434_178320>
...
040 (5202857.022.000) 11/21 18:00:58 Finished transferring input files
...
001 (5202857.022.000) 11/21 18:00:59 Job executing on host: <128.142.56.164:9618?addrs=128.142.56.164-9618+[2001-1458-301-6--100-a3]-9618&alias=b7s01p4175.cern.ch&noUDP&sock=startd_3080_33c9>
...
006 (5202857.022.000) 11/21 18:01:08 Image size of job updated: 569140
	72  -  MemoryUsage of job (MB)
	73704  -  ResidentSetSize of job (KB)
...
006 (5202857.022.000) 11/21 18:06:09 Image size of job updated: 936064
	429  -  MemoryUsage of job (MB)
	438920  -  ResidentSetSize of job (KB)
...
040 (5202857.022.000) 11/21 18:07:45 Started transferring output files
...
040 (5202857.022.000) 11/21 18:07:45 Finished transferring output files
...
005 (5202857.022.000) 11/21 18:07:45 Job terminated.
	(1) Normal termination (return value 0)
		Usr 0 00:06:39, Sys 0 00:00:00  -  Run Remote Usage
		Usr 0 00:00:00, Sys 0 00:00:00  -  Run Local Usage
		Usr 0 00:06:39, Sys 0 00:00:00  -  Total Remote Usage
		Usr 0 00:00:00, Sys 0 00:00:00  -  Total Local Usage
	9210  -  Run Bytes Sent By Job
	179  -  Run Bytes Received By Job
	9210  -  Total Bytes Sent By Job
	179  -  Total Bytes Received By Job
	Partitionable Resources :    Usage  Request Allocated 
	   Cpus                 :     1.00        4         4 
	   Disk (KB)            :    34           1   1336619 
	   Memory (MB)          :   429        8000      8000 

	Job terminated of its own accord at 2023-11-21T17:07:45Z.
...
