000 (5202857.011.000) 11/21 18:00:03 Job submitted from host: <137.138.55.115:9618?addrs=137.138.55.115-9618+[2001-1458-d00-17--12a]-9618&alias=bigbird23.cern.ch&noUDP&sock=schedd_590833_df83>
...
040 (5202857.011.000) 11/21 18:00:55 Started transferring input files
	Transferring to host: <128.142.58.115:9618?addrs=128.142.58.115-9618+[2001-1458-301-16--100-72]-9618&alias=b7s03p6668.cern.ch&noUDP&sock=slot1_3_4112_06a0_264957>
...
040 (5202857.011.000) 11/21 18:00:55 Finished transferring input files
...
001 (5202857.011.000) 11/21 18:00:56 Job executing on host: <128.142.58.115:9618?addrs=128.142.58.115-9618+[2001-1458-301-16--100-72]-9618&alias=b7s03p6668.cern.ch&noUDP&sock=startd_2963_f334>
...
006 (5202857.011.000) 11/21 18:00:59 Image size of job updated: 511220
	0  -  MemoryUsage of job (MB)
	0  -  ResidentSetSize of job (KB)
...
040 (5202857.011.000) 11/21 18:00:59 Started transferring output files
...
040 (5202857.011.000) 11/21 18:00:59 Finished transferring output files
...
005 (5202857.011.000) 11/21 18:00:59 Job terminated.
	(1) Normal termination (return value 0)
		Usr 0 00:00:01, Sys 0 00:00:00  -  Run Remote Usage
		Usr 0 00:00:00, Sys 0 00:00:00  -  Run Local Usage
		Usr 0 00:00:01, Sys 0 00:00:00  -  Total Remote Usage
		Usr 0 00:00:00, Sys 0 00:00:00  -  Total Local Usage
	14321  -  Run Bytes Sent By Job
	179  -  Run Bytes Received By Job
	14321  -  Total Bytes Sent By Job
	179  -  Total Bytes Received By Job
	Partitionable Resources :    Usage  Request Allocated 
	   Cpus                 :                 4         4 
	   Disk (KB)            :       35        1   1299927 
	   Memory (MB)          :        0     8000      8000 

	Job terminated of its own accord at 2023-11-21T17:00:59Z.
...
