Submit skim jobs at 
PWD: /afs/cern.ch/work/r/rpradhan/With_NirbhayBhai/Pythia8_V1

You have given 5 arguments including the program name;  Your program will run


Starting at : Tue Nov 21 18:00:57 2023

++++++++++++++++++++++++++++++++++++++++++++++++++++++++++++++++ 

Adding file:--- /eos/user/r/rpradhan/Research/With_NirbhayBhai/RootFile/Step_1/Step1_121/pp13TeV_Step1.root--- to the chains
Adding file:--- /eos/user/r/rpradhan/Research/With_NirbhayBhai/RootFile/Step_1/Step1_122/pp13TeV_Step1.root--- to the chains
Adding file:--- /eos/user/r/rpradhan/Research/With_NirbhayBhai/RootFile/Step_1/Step1_123/pp13TeV_Step1.root--- to the chains
Adding file:--- /eos/user/r/rpradhan/Research/With_NirbhayBhai/RootFile/Step_1/Step1_124/pp13TeV_Step1.root--- to the chains
Adding file:--- /eos/user/r/rpradhan/Research/With_NirbhayBhai/RootFile/Step_1/Step1_125/pp13TeV_Step1.root--- to the chains
Adding file:--- /eos/user/r/rpradhan/Research/With_NirbhayBhai/RootFile/Step_1/Step1_126/pp13TeV_Step1.root--- to the chains
Adding file:--- /eos/user/r/rpradhan/Research/With_NirbhayBhai/RootFile/Step_1/Step1_127/pp13TeV_Step1.root--- to the chains
Adding file:--- /eos/user/r/rpradhan/Research/With_NirbhayBhai/RootFile/Step_1/Step1_128/pp13TeV_Step1.root--- to the chains
Adding file:--- /eos/user/r/rpradhan/Research/With_NirbhayBhai/RootFile/Step_1/Step1_129/pp13TeV_Step1.root--- to the chains
Adding file:--- /eos/user/r/rpradhan/Research/With_NirbhayBhai/RootFile/Step_1/Step1_130/pp13TeV_Step1.root--- to the chains

Total number of events in those files: 100000

0  events running of total events 100000
10000  events running of total events 100000
20000  events running of total events 100000
30000  events running of total events 100000
40000  events running of total events 100000
50000  events running of total events 100000
60000  events running of total events 100000
70000  events running of total events 100000
80000  events running of total events 100000
90000  events running of total events 100000

~~~~~~~~~~mixing loop start~~~~~~~~~~~~~~~~~~~~

0 th event running for mixing of total events 99982 with multiplicity 27
10000 th event running for mixing of total events 99982 with multiplicity 53
20000 th event running for mixing of total events 99982 with multiplicity 12
30000 th event running for mixing of total events 99982 with multiplicity 36
40000 th event running for mixing of total events 99982 with multiplicity 128
50000 th event running for mixing of total events 99982 with multiplicity 53
60000 th event running for mixing of total events 99982 with multiplicity 52
70000 th event running for mixing of total events 99982 with multiplicity 11
80000 th event running for mixing of total events 99982 with multiplicity 81
90000 th event running for mixing of total events 99982 with multiplicity 15

~~~~~~~~~~mixing loop end~~~~~~~~~~~~~~~~~~~~~~

~~~~~~~~~~~~~~~~~~~~~~~~~~Finished, DONE~~~~~~~~~~~~~~~~~~~~~~~~~~~~~~~~~~

========================================
Total running time: 526.39 [s]
========================================

+++++++++++++++++++++++++++++++++++++++++++++++++++++++++++++++++++++++++++

Stopping at : Tue Nov 21 18:09:47 2023

+++++++++++++++++++++++++++++++++++++++++++++++++++++++++++++++++++++++++++

