000 (5202857.030.000) 11/21 18:00:03 Job submitted from host: <137.138.55.115:9618?addrs=137.138.55.115-9618+[2001-1458-d00-17--12a]-9618&alias=bigbird23.cern.ch&noUDP&sock=schedd_590833_df83>
...
040 (5202857.030.000) 11/21 18:01:00 Started transferring input files
	Transferring to host: <128.142.60.58:9618?addrs=128.142.60.58-9618+[2001-1458-301-22--100-39]-9618&alias=b7s05p1981.cern.ch&noUDP&sock=slot1_15_4087_693f_280407>
...
040 (5202857.030.000) 11/21 18:01:00 Finished transferring input files
...
001 (5202857.030.000) 11/21 18:01:01 Job executing on host: <128.142.60.58:9618?addrs=128.142.60.58-9618+[2001-1458-301-22--100-39]-9618&alias=b7s05p1981.cern.ch&noUDP&sock=startd_2929_a0fc>
...
006 (5202857.030.000) 11/21 18:01:09 Image size of job updated: 565396
	70  -  MemoryUsage of job (MB)
	70684  -  ResidentSetSize of job (KB)
...
006 (5202857.030.000) 11/21 18:06:09 Image size of job updated: 936828
	430  -  MemoryUsage of job (MB)
	439576  -  ResidentSetSize of job (KB)
...
040 (5202857.030.000) 11/21 18:07:49 Started transferring output files
...
040 (5202857.030.000) 11/21 18:07:49 Finished transferring output files
...
005 (5202857.030.000) 11/21 18:07:49 Job terminated.
	(1) Normal termination (return value 0)
		Usr 0 00:06:40, Sys 0 00:00:00  -  Run Remote Usage
		Usr 0 00:00:00, Sys 0 00:00:00  -  Run Local Usage
		Usr 0 00:06:40, Sys 0 00:00:00  -  Total Remote Usage
		Usr 0 00:00:00, Sys 0 00:00:00  -  Total Local Usage
	9212  -  Run Bytes Sent By Job
	179  -  Run Bytes Received By Job
	9212  -  Total Bytes Sent By Job
	179  -  Total Bytes Received By Job
	Partitionable Resources :    Usage  Request Allocated 
	   Cpus                 :                 4         4 
	   Disk (KB)            :       27        1   1371298 
	   Memory (MB)          :      430     8000      8000 

	Job terminated of its own accord at 2023-11-21T17:07:49Z.
...
