000 (5202857.045.000) 11/21 18:00:03 Job submitted from host: <137.138.55.115:9618?addrs=137.138.55.115-9618+[2001-1458-d00-17--12a]-9618&alias=bigbird23.cern.ch&noUDP&sock=schedd_590833_df83>
...
040 (5202857.045.000) 11/21 18:01:08 Started transferring input files
	Transferring to host: <128.142.56.164:9618?addrs=128.142.56.164-9618+[2001-1458-301-6--100-a3]-9618&alias=b7s01p4175.cern.ch&noUDP&sock=slot1_2_53386_0434_178321>
...
040 (5202857.045.000) 11/21 18:01:08 Finished transferring input files
...
001 (5202857.045.000) 11/21 18:01:09 Job executing on host: <128.142.56.164:9618?addrs=128.142.56.164-9618+[2001-1458-301-6--100-a3]-9618&alias=b7s01p4175.cern.ch&noUDP&sock=startd_3080_33c9>
...
006 (5202857.045.000) 11/21 18:01:18 Image size of job updated: 77400
	76  -  MemoryUsage of job (MB)
	77400  -  ResidentSetSize of job (KB)
...
006 (5202857.045.000) 11/21 18:06:19 Image size of job updated: 936424
	429  -  MemoryUsage of job (MB)
	439224  -  ResidentSetSize of job (KB)
...
040 (5202857.045.000) 11/21 18:07:54 Started transferring output files
...
040 (5202857.045.000) 11/21 18:07:54 Finished transferring output files
...
005 (5202857.045.000) 11/21 18:07:54 Job terminated.
	(1) Normal termination (return value 0)
		Usr 0 00:06:39, Sys 0 00:00:00  -  Run Remote Usage
		Usr 0 00:00:00, Sys 0 00:00:00  -  Run Local Usage
		Usr 0 00:06:39, Sys 0 00:00:00  -  Total Remote Usage
		Usr 0 00:00:00, Sys 0 00:00:00  -  Total Local Usage
	9211  -  Run Bytes Sent By Job
	179  -  Run Bytes Received By Job
	9211  -  Total Bytes Sent By Job
	179  -  Total Bytes Received By Job
	Partitionable Resources :    Usage  Request Allocated 
	   Cpus                 :     1.00        4         4 
	   Disk (KB)            :    34           1   1336619 
	   Memory (MB)          :   429        8000      8000 

	Job terminated of its own accord at 2023-11-21T17:07:54Z.
...
