Submit skim jobs at 
PWD: /afs/cern.ch/work/r/rpradhan/With_NirbhayBhai/Pythia8_V1

You have given 5 arguments including the program name;  Your program will run


Starting at : Tue Nov 21 18:01:00 2023

++++++++++++++++++++++++++++++++++++++++++++++++++++++++++++++++ 

Adding file:--- /eos/user/r/rpradhan/Research/With_NirbhayBhai/RootFile/Step_1/Step1_221/pp13TeV_Step1.root--- to the chains
Adding file:--- /eos/user/r/rpradhan/Research/With_NirbhayBhai/RootFile/Step_1/Step1_222/pp13TeV_Step1.root--- to the chains
Adding file:--- /eos/user/r/rpradhan/Research/With_NirbhayBhai/RootFile/Step_1/Step1_223/pp13TeV_Step1.root--- to the chains
Adding file:--- /eos/user/r/rpradhan/Research/With_NirbhayBhai/RootFile/Step_1/Step1_224/pp13TeV_Step1.root--- to the chains
Adding file:--- /eos/user/r/rpradhan/Research/With_NirbhayBhai/RootFile/Step_1/Step1_225/pp13TeV_Step1.root--- to the chains
Adding file:--- /eos/user/r/rpradhan/Research/With_NirbhayBhai/RootFile/Step_1/Step1_226/pp13TeV_Step1.root--- to the chains
Adding file:--- /eos/user/r/rpradhan/Research/With_NirbhayBhai/RootFile/Step_1/Step1_227/pp13TeV_Step1.root--- to the chains
Adding file:--- /eos/user/r/rpradhan/Research/With_NirbhayBhai/RootFile/Step_1/Step1_228/pp13TeV_Step1.root--- to the chains
Adding file:--- /eos/user/r/rpradhan/Research/With_NirbhayBhai/RootFile/Step_1/Step1_229/pp13TeV_Step1.root--- to the chains
Adding file:--- /eos/user/r/rpradhan/Research/With_NirbhayBhai/RootFile/Step_1/Step1_230/pp13TeV_Step1.root--- to the chains

Total number of events in those files: 100000

0  events running of total events 100000
10000  events running of total events 100000
20000  events running of total events 100000
30000  events running of total events 100000
40000  events running of total events 100000
50000  events running of total events 100000
60000  events running of total events 100000
70000  events running of total events 100000
80000  events running of total events 100000
90000  events running of total events 100000

~~~~~~~~~~mixing loop start~~~~~~~~~~~~~~~~~~~~

0 th event running for mixing of total events 99995 with multiplicity 13
10000 th event running for mixing of total events 99995 with multiplicity 34
20000 th event running for mixing of total events 99995 with multiplicity 15
30000 th event running for mixing of total events 99995 with multiplicity 33
40000 th event running for mixing of total events 99995 with multiplicity 93
50000 th event running for mixing of total events 99995 with multiplicity 7
60000 th event running for mixing of total events 99995 with multiplicity 39
70000 th event running for mixing of total events 99995 with multiplicity 14
80000 th event running for mixing of total events 99995 with multiplicity 48
90000 th event running for mixing of total events 99995 with multiplicity 106

~~~~~~~~~~mixing loop end~~~~~~~~~~~~~~~~~~~~~~

~~~~~~~~~~~~~~~~~~~~~~~~~~Finished, DONE~~~~~~~~~~~~~~~~~~~~~~~~~~~~~~~~~~

========================================
Total running time: 399.5 [s]
========================================

+++++++++++++++++++++++++++++++++++++++++++++++++++++++++++++++++++++++++++

Stopping at : Tue Nov 21 18:07:45 2023

+++++++++++++++++++++++++++++++++++++++++++++++++++++++++++++++++++++++++++

