000 (5202857.010.000) 11/21 18:00:03 Job submitted from host: <137.138.55.115:9618?addrs=137.138.55.115-9618+[2001-1458-d00-17--12a]-9618&alias=bigbird23.cern.ch&noUDP&sock=schedd_590833_df83>
...
040 (5202857.010.000) 11/21 18:00:54 Started transferring input files
	Transferring to host: <128.142.59.131:9618?addrs=128.142.59.131-9618+[2001-1458-301-21--100-82]-9618&alias=b7s04p4041.cern.ch&noUDP&sock=slot1_3_37847_629c_106767>
...
040 (5202857.010.000) 11/21 18:00:54 Finished transferring input files
...
001 (5202857.010.000) 11/21 18:00:55 Job executing on host: <128.142.59.131:9618?addrs=128.142.59.131-9618+[2001-1458-301-21--100-82]-9618&alias=b7s04p4041.cern.ch&noUDP&sock=startd_2912_f7e0>
...
006 (5202857.010.000) 11/21 18:01:04 Image size of job updated: 560328
	71  -  MemoryUsage of job (MB)
	71788  -  ResidentSetSize of job (KB)
...
006 (5202857.010.000) 11/21 18:06:05 Image size of job updated: 935860
	429  -  MemoryUsage of job (MB)
	438704  -  ResidentSetSize of job (KB)
...
040 (5202857.010.000) 11/21 18:07:44 Started transferring output files
...
040 (5202857.010.000) 11/21 18:07:45 Finished transferring output files
...
005 (5202857.010.000) 11/21 18:07:45 Job terminated.
	(1) Normal termination (return value 0)
		Usr 0 00:06:41, Sys 0 00:00:00  -  Run Remote Usage
		Usr 0 00:00:00, Sys 0 00:00:00  -  Run Local Usage
		Usr 0 00:06:41, Sys 0 00:00:00  -  Total Remote Usage
		Usr 0 00:00:00, Sys 0 00:00:00  -  Total Local Usage
	9210  -  Run Bytes Sent By Job
	179  -  Run Bytes Received By Job
	9210  -  Total Bytes Sent By Job
	179  -  Total Bytes Received By Job
	Partitionable Resources :    Usage  Request Allocated 
	   Cpus                 :                 4         4 
	   Disk (KB)            :       27        1   1250703 
	   Memory (MB)          :      429     8000      8000 

	Job terminated of its own accord at 2023-11-21T17:07:44Z.
...
