000 (5202857.023.000) 11/21 18:00:03 Job submitted from host: <137.138.55.115:9618?addrs=137.138.55.115-9618+[2001-1458-d00-17--12a]-9618&alias=bigbird23.cern.ch&noUDP&sock=schedd_590833_df83>
...
040 (5202857.023.000) 11/21 18:00:58 Started transferring input files
	Transferring to host: <188.184.160.127:9618?addrs=188.184.160.127-9618+[2001-1458-301-48--100-79]-9618&alias=b7s09p9442.cern.ch&noUDP&sock=slot1_11_123281_5dee_287137>
...
040 (5202857.023.000) 11/21 18:00:58 Finished transferring input files
...
001 (5202857.023.000) 11/21 18:00:59 Job executing on host: <188.184.160.127:9618?addrs=188.184.160.127-9618+[2001-1458-301-48--100-79]-9618&alias=b7s09p9442.cern.ch&noUDP&sock=startd_91110_75d4>
...
006 (5202857.023.000) 11/21 18:01:08 Image size of job updated: 570256
	76  -  MemoryUsage of job (MB)
	77420  -  ResidentSetSize of job (KB)
...
006 (5202857.023.000) 11/21 18:06:09 Image size of job updated: 935216
	428  -  MemoryUsage of job (MB)
	438052  -  ResidentSetSize of job (KB)
...
040 (5202857.023.000) 11/21 18:09:18 Started transferring output files
...
040 (5202857.023.000) 11/21 18:09:18 Finished transferring output files
...
005 (5202857.023.000) 11/21 18:09:18 Job terminated.
	(1) Normal termination (return value 0)
		Usr 0 00:08:13, Sys 0 00:00:00  -  Run Remote Usage
		Usr 0 00:00:00, Sys 0 00:00:00  -  Run Local Usage
		Usr 0 00:08:13, Sys 0 00:00:00  -  Total Remote Usage
		Usr 0 00:00:00, Sys 0 00:00:00  -  Total Local Usage
	9213  -  Run Bytes Sent By Job
	179  -  Run Bytes Received By Job
	9213  -  Total Bytes Sent By Job
	179  -  Total Bytes Received By Job
	Partitionable Resources :    Usage  Request Allocated 
	   Cpus                 :     1.00        4         4 
	   Disk (KB)            :    34           1   3006905 
	   Memory (MB)          :   428        8000      8000 

	Job terminated of its own accord at 2023-11-21T17:09:18Z.
...
