000 (5202857.021.000) 11/21 18:00:03 Job submitted from host: <137.138.55.115:9618?addrs=137.138.55.115-9618+[2001-1458-d00-17--12a]-9618&alias=bigbird23.cern.ch&noUDP&sock=schedd_590833_df83>
...
040 (5202857.021.000) 11/21 18:00:58 Started transferring input files
	Transferring to host: <128.142.56.166:9618?addrs=128.142.56.166-9618+[2001-1458-301-6--100-a5]-9618&alias=b7s01p5237.cern.ch&noUDP&sock=slot1_4_13603_4b42_19655>
...
040 (5202857.021.000) 11/21 18:00:58 Finished transferring input files
...
001 (5202857.021.000) 11/21 18:00:59 Job executing on host: <128.142.56.166:9618?addrs=128.142.56.166-9618+[2001-1458-301-6--100-a5]-9618&alias=b7s01p5237.cern.ch&noUDP&sock=startd_13529_58e0>
...
006 (5202857.021.000) 11/21 18:01:08 Image size of job updated: 568924
	72  -  MemoryUsage of job (MB)
	73492  -  ResidentSetSize of job (KB)
...
006 (5202857.021.000) 11/21 18:06:09 Image size of job updated: 936056
	429  -  MemoryUsage of job (MB)
	438964  -  ResidentSetSize of job (KB)
...
040 (5202857.021.000) 11/21 18:08:02 Started transferring output files
...
040 (5202857.021.000) 11/21 18:08:02 Finished transferring output files
...
005 (5202857.021.000) 11/21 18:08:02 Job terminated.
	(1) Normal termination (return value 0)
		Usr 0 00:06:54, Sys 0 00:00:00  -  Run Remote Usage
		Usr 0 00:00:00, Sys 0 00:00:00  -  Run Local Usage
		Usr 0 00:06:54, Sys 0 00:00:00  -  Total Remote Usage
		Usr 0 00:00:00, Sys 0 00:00:00  -  Total Local Usage
	9209  -  Run Bytes Sent By Job
	179  -  Run Bytes Received By Job
	9209  -  Total Bytes Sent By Job
	179  -  Total Bytes Received By Job
	Partitionable Resources :    Usage  Request Allocated 
	   Cpus                 :     0.98        4         4 
	   Disk (KB)            :    34           1   1299679 
	   Memory (MB)          :   429        8000      8000 

	Job terminated of its own accord at 2023-11-21T17:08:02Z.
...
