000 (5202857.033.000) 11/21 18:00:03 Job submitted from host: <137.138.55.115:9618?addrs=137.138.55.115-9618+[2001-1458-d00-17--12a]-9618&alias=bigbird23.cern.ch&noUDP&sock=schedd_590833_df83>
...
040 (5202857.033.000) 11/21 18:01:01 Started transferring input files
	Transferring to host: <128.142.59.131:9618?addrs=128.142.59.131-9618+[2001-1458-301-21--100-82]-9618&alias=b7s04p4041.cern.ch&noUDP&sock=slot1_5_37847_629c_106768>
...
040 (5202857.033.000) 11/21 18:01:01 Finished transferring input files
...
001 (5202857.033.000) 11/21 18:01:02 Job executing on host: <128.142.59.131:9618?addrs=128.142.59.131-9618+[2001-1458-301-21--100-82]-9618&alias=b7s04p4041.cern.ch&noUDP&sock=startd_2912_f7e0>
...
006 (5202857.033.000) 11/21 18:01:10 Image size of job updated: 557928
	69  -  MemoryUsage of job (MB)
	70480  -  ResidentSetSize of job (KB)
...
006 (5202857.033.000) 11/21 18:06:10 Image size of job updated: 936800
	430  -  MemoryUsage of job (MB)
	439612  -  ResidentSetSize of job (KB)
...
040 (5202857.033.000) 11/21 18:07:55 Started transferring output files
...
040 (5202857.033.000) 11/21 18:07:55 Finished transferring output files
...
005 (5202857.033.000) 11/21 18:07:55 Job terminated.
	(1) Normal termination (return value 0)
		Usr 0 00:06:44, Sys 0 00:00:01  -  Run Remote Usage
		Usr 0 00:00:00, Sys 0 00:00:00  -  Run Local Usage
		Usr 0 00:06:44, Sys 0 00:00:01  -  Total Remote Usage
		Usr 0 00:00:00, Sys 0 00:00:00  -  Total Local Usage
	9210  -  Run Bytes Sent By Job
	179  -  Run Bytes Received By Job
	9210  -  Total Bytes Sent By Job
	179  -  Total Bytes Received By Job
	Partitionable Resources :    Usage  Request Allocated 
	   Cpus                 :                 4         4 
	   Disk (KB)            :       27        1   1250694 
	   Memory (MB)          :      430     8000      8000 

	Job terminated of its own accord at 2023-11-21T17:07:54Z.
...
