000 (5202857.000.000) 11/21 18:00:03 Job submitted from host: <137.138.55.115:9618?addrs=137.138.55.115-9618+[2001-1458-d00-17--12a]-9618&alias=bigbird23.cern.ch&noUDP&sock=schedd_590833_df83>
...
040 (5202857.000.000) 11/21 18:00:51 Started transferring input files
	Transferring to host: <188.184.160.127:9618?addrs=188.184.160.127-9618+[2001-1458-301-48--100-79]-9618&alias=b7s09p9442.cern.ch&noUDP&sock=slot1_6_123281_5dee_287135>
...
040 (5202857.000.000) 11/21 18:00:51 Finished transferring input files
...
001 (5202857.000.000) 11/21 18:00:52 Job executing on host: <188.184.160.127:9618?addrs=188.184.160.127-9618+[2001-1458-301-48--100-79]-9618&alias=b7s09p9442.cern.ch&noUDP&sock=startd_91110_75d4>
...
006 (5202857.000.000) 11/21 18:01:01 Image size of job updated: 566480
	74  -  MemoryUsage of job (MB)
	75148  -  ResidentSetSize of job (KB)
...
006 (5202857.000.000) 11/21 18:06:02 Image size of job updated: 936200
	429  -  MemoryUsage of job (MB)
	439020  -  ResidentSetSize of job (KB)
...
040 (5202857.000.000) 11/21 18:09:15 Started transferring output files
...
040 (5202857.000.000) 11/21 18:09:15 Finished transferring output files
...
005 (5202857.000.000) 11/21 18:09:15 Job terminated.
	(1) Normal termination (return value 0)
		Usr 0 00:08:16, Sys 0 00:00:00  -  Run Remote Usage
		Usr 0 00:00:00, Sys 0 00:00:00  -  Run Local Usage
		Usr 0 00:08:16, Sys 0 00:00:00  -  Total Remote Usage
		Usr 0 00:00:00, Sys 0 00:00:00  -  Total Local Usage
	9213  -  Run Bytes Sent By Job
	179  -  Run Bytes Received By Job
	9213  -  Total Bytes Sent By Job
	179  -  Total Bytes Received By Job
	Partitionable Resources :    Usage  Request Allocated 
	   Cpus                 :     1.00        4         4 
	   Disk (KB)            :    34           1   3006996 
	   Memory (MB)          :   429        8000      8000 

	Job terminated of its own accord at 2023-11-21T17:09:15Z.
...
