Submit skim jobs at 
PWD: /afs/cern.ch/work/r/rpradhan/With_NirbhayBhai/Pythia8_V1

You have given 5 arguments including the program name;  Your program will run


Starting at : Tue Nov 21 18:01:09 2023

++++++++++++++++++++++++++++++++++++++++++++++++++++++++++++++++ 

File: /eos/user/r/rpradhan/Research/With_NirbhayBhai/RootFile/Step_1/Step1_461/pp13TeV_Step1.root failed to open
File: /eos/user/r/rpradhan/Research/With_NirbhayBhai/RootFile/Step_1/Step1_462/pp13TeV_Step1.root failed to open
File: /eos/user/r/rpradhan/Research/With_NirbhayBhai/RootFile/Step_1/Step1_463/pp13TeV_Step1.root failed to open
File: /eos/user/r/rpradhan/Research/With_NirbhayBhai/RootFile/Step_1/Step1_464/pp13TeV_Step1.root failed to open
File: /eos/user/r/rpradhan/Research/With_NirbhayBhai/RootFile/Step_1/Step1_465/pp13TeV_Step1.root failed to open
File: /eos/user/r/rpradhan/Research/With_NirbhayBhai/RootFile/Step_1/Step1_466/pp13TeV_Step1.root failed to open
File: /eos/user/r/rpradhan/Research/With_NirbhayBhai/RootFile/Step_1/Step1_467/pp13TeV_Step1.root failed to open
File: /eos/user/r/rpradhan/Research/With_NirbhayBhai/RootFile/Step_1/Step1_468/pp13TeV_Step1.root failed to open
File: /eos/user/r/rpradhan/Research/With_NirbhayBhai/RootFile/Step_1/Step1_469/pp13TeV_Step1.root failed to open
File: /eos/user/r/rpradhan/Research/With_NirbhayBhai/RootFile/Step_1/Step1_470/pp13TeV_Step1.root failed to open

Total number of events in those files: 0


~~~~~~~~~~mixing loop start~~~~~~~~~~~~~~~~~~~~


~~~~~~~~~~mixing loop end~~~~~~~~~~~~~~~~~~~~~~

~~~~~~~~~~~~~~~~~~~~~~~~~~Finished, DONE~~~~~~~~~~~~~~~~~~~~~~~~~~~~~~~~~~

========================================
Total running time: 0.05 [s]
========================================

+++++++++++++++++++++++++++++++++++++++++++++++++++++++++++++++++++++++++++

Stopping at : Tue Nov 21 18:01:09 2023

+++++++++++++++++++++++++++++++++++++++++++++++++++++++++++++++++++++++++++

