000 (5202857.047.000) 11/21 18:00:03 Job submitted from host: <137.138.55.115:9618?addrs=137.138.55.115-9618+[2001-1458-d00-17--12a]-9618&alias=bigbird23.cern.ch&noUDP&sock=schedd_590833_df83>
...
040 (5202857.047.000) 11/21 18:01:08 Started transferring input files
	Transferring to host: <128.142.60.137:9618?addrs=128.142.60.137-9618+[2001-1458-301-22--100-88]-9618&alias=b7s05p7197.cern.ch&noUDP&sock=slot1_9_8279_0dea_105365>
...
040 (5202857.047.000) 11/21 18:01:08 Finished transferring input files
...
001 (5202857.047.000) 11/21 18:01:09 Job executing on host: <128.142.60.137:9618?addrs=128.142.60.137-9618+[2001-1458-301-22--100-88]-9618&alias=b7s05p7197.cern.ch&noUDP&sock=startd_6544_37d9>
...
006 (5202857.047.000) 11/21 18:01:18 Image size of job updated: 80712
	79  -  MemoryUsage of job (MB)
	80712  -  ResidentSetSize of job (KB)
...
006 (5202857.047.000) 11/21 18:06:20 Image size of job updated: 935544
	429  -  MemoryUsage of job (MB)
	438372  -  ResidentSetSize of job (KB)
...
040 (5202857.047.000) 11/21 18:08:12 Started transferring output files
...
040 (5202857.047.000) 11/21 18:08:12 Finished transferring output files
...
005 (5202857.047.000) 11/21 18:08:12 Job terminated.
	(1) Normal termination (return value 0)
		Usr 0 00:06:57, Sys 0 00:00:01  -  Run Remote Usage
		Usr 0 00:00:00, Sys 0 00:00:00  -  Run Local Usage
		Usr 0 00:06:57, Sys 0 00:00:01  -  Total Remote Usage
		Usr 0 00:00:00, Sys 0 00:00:00  -  Total Local Usage
	9213  -  Run Bytes Sent By Job
	179  -  Run Bytes Received By Job
	9213  -  Total Bytes Sent By Job
	179  -  Total Bytes Received By Job
	Partitionable Resources :    Usage  Request Allocated 
	   Cpus                 :                 4         4 
	   Disk (KB)            :       27        1   1286857 
	   Memory (MB)          :      429     8000      8000 

	Job terminated of its own accord at 2023-11-21T17:08:12Z.
...
