000 (5202857.027.000) 11/21 18:00:03 Job submitted from host: <137.138.55.115:9618?addrs=137.138.55.115-9618+[2001-1458-d00-17--12a]-9618&alias=bigbird23.cern.ch&noUDP&sock=schedd_590833_df83>
...
040 (5202857.027.000) 11/21 18:00:59 Started transferring input files
	Transferring to host: <128.142.57.40:9618?addrs=128.142.57.40-9618+[2001-1458-301-7--100-27]-9618&alias=b7s02p9278.cern.ch&noUDP&sock=slot1_7_8458_2d11_59153>
...
040 (5202857.027.000) 11/21 18:00:59 Finished transferring input files
...
001 (5202857.027.000) 11/21 18:01:00 Job executing on host: <128.142.57.40:9618?addrs=128.142.57.40-9618+[2001-1458-301-7--100-27]-9618&alias=b7s02p9278.cern.ch&noUDP&sock=startd_7168_3af2>
...
006 (5202857.027.000) 11/21 18:01:09 Image size of job updated: 564456
	69  -  MemoryUsage of job (MB)
	70256  -  ResidentSetSize of job (KB)
...
006 (5202857.027.000) 11/21 18:06:10 Image size of job updated: 935404
	428  -  MemoryUsage of job (MB)
	438148  -  ResidentSetSize of job (KB)
...
040 (5202857.027.000) 11/21 18:08:06 Started transferring output files
...
040 (5202857.027.000) 11/21 18:08:06 Finished transferring output files
...
005 (5202857.027.000) 11/21 18:08:06 Job terminated.
	(1) Normal termination (return value 0)
		Usr 0 00:06:55, Sys 0 00:00:01  -  Run Remote Usage
		Usr 0 00:00:00, Sys 0 00:00:00  -  Run Local Usage
		Usr 0 00:06:55, Sys 0 00:00:01  -  Total Remote Usage
		Usr 0 00:00:00, Sys 0 00:00:00  -  Total Local Usage
	9211  -  Run Bytes Sent By Job
	179  -  Run Bytes Received By Job
	9211  -  Total Bytes Sent By Job
	179  -  Total Bytes Received By Job
	Partitionable Resources :    Usage  Request Allocated 
	   Cpus                 :     1.00        4         4 
	   Disk (KB)            :    34           1   1252113 
	   Memory (MB)          :   428        8000      8000 

	Job terminated of its own accord at 2023-11-21T17:08:06Z.
...
