000 (5202857.008.000) 11/21 18:00:03 Job submitted from host: <137.138.55.115:9618?addrs=137.138.55.115-9618+[2001-1458-d00-17--12a]-9618&alias=bigbird23.cern.ch&noUDP&sock=schedd_590833_df83>
...
040 (5202857.008.000) 11/21 18:00:54 Started transferring input files
	Transferring to host: <128.142.57.63:9618?addrs=128.142.57.63-9618+[2001-1458-301-7--100-3e]-9618&alias=b7s02p2266.cern.ch&noUDP&sock=slot1_1_4526_b9f1_267680>
...
040 (5202857.008.000) 11/21 18:00:54 Finished transferring input files
...
001 (5202857.008.000) 11/21 18:00:55 Job executing on host: <128.142.57.63:9618?addrs=128.142.57.63-9618+[2001-1458-301-7--100-3e]-9618&alias=b7s02p2266.cern.ch&noUDP&sock=startd_3021_bbb3>
...
006 (5202857.008.000) 11/21 18:01:03 Image size of job updated: 569380
	76  -  MemoryUsage of job (MB)
	76980  -  ResidentSetSize of job (KB)
...
006 (5202857.008.000) 11/21 18:06:03 Image size of job updated: 934428
	427  -  MemoryUsage of job (MB)
	437180  -  ResidentSetSize of job (KB)
...
040 (5202857.008.000) 11/21 18:07:38 Started transferring output files
...
040 (5202857.008.000) 11/21 18:07:38 Finished transferring output files
...
005 (5202857.008.000) 11/21 18:07:39 Job terminated.
	(1) Normal termination (return value 0)
		Usr 0 00:06:37, Sys 0 00:00:01  -  Run Remote Usage
		Usr 0 00:00:00, Sys 0 00:00:00  -  Run Local Usage
		Usr 0 00:06:37, Sys 0 00:00:01  -  Total Remote Usage
		Usr 0 00:00:00, Sys 0 00:00:00  -  Total Local Usage
	9210  -  Run Bytes Sent By Job
	179  -  Run Bytes Received By Job
	9210  -  Total Bytes Sent By Job
	179  -  Total Bytes Received By Job
	Partitionable Resources :    Usage  Request Allocated 
	   Cpus                 :                 4         4 
	   Disk (KB)            :       27        1   1260206 
	   Memory (MB)          :      427     8000      8000 

	Job terminated of its own accord at 2023-11-21T17:07:38Z.
...
