000 (5202857.001.000) 11/21 18:00:03 Job submitted from host: <137.138.55.115:9618?addrs=137.138.55.115-9618+[2001-1458-d00-17--12a]-9618&alias=bigbird23.cern.ch&noUDP&sock=schedd_590833_df83>
...
040 (5202857.001.000) 11/21 18:00:52 Started transferring input files
	Transferring to host: <128.142.58.63:9618?addrs=128.142.58.63-9618+[2001-1458-301-16--100-3e]-9618&alias=b7s03p2161.cern.ch&noUDP&sock=slot1_1_11634_f492_283757>
...
040 (5202857.001.000) 11/21 18:00:52 Finished transferring input files
...
001 (5202857.001.000) 11/21 18:00:53 Job executing on host: <128.142.58.63:9618?addrs=128.142.58.63-9618+[2001-1458-301-16--100-3e]-9618&alias=b7s03p2161.cern.ch&noUDP&sock=startd_9914_c203>
...
006 (5202857.001.000) 11/21 18:00:54 Image size of job updated: 1
	0  -  MemoryUsage of job (MB)
	0  -  ResidentSetSize of job (KB)
...
040 (5202857.001.000) 11/21 18:00:54 Started transferring output files
...
040 (5202857.001.000) 11/21 18:00:54 Finished transferring output files
...
005 (5202857.001.000) 11/21 18:00:54 Job terminated.
	(1) Normal termination (return value 0)
		Usr 0 00:00:00, Sys 0 00:00:00  -  Run Remote Usage
		Usr 0 00:00:00, Sys 0 00:00:00  -  Run Local Usage
		Usr 0 00:00:00, Sys 0 00:00:00  -  Total Remote Usage
		Usr 0 00:00:00, Sys 0 00:00:00  -  Total Local Usage
	14250  -  Run Bytes Sent By Job
	179  -  Run Bytes Received By Job
	14250  -  Total Bytes Sent By Job
	179  -  Total Bytes Received By Job
	Partitionable Resources :    Usage  Request Allocated 
	   Cpus                 :                 4         4 
	   Disk (KB)            :       35        1   1133247 
	   Memory (MB)          :        0     8000      8000 

	Job terminated of its own accord at 2023-11-21T17:00:54Z.
...
