000 (5202857.043.000) 11/21 18:00:03 Job submitted from host: <137.138.55.115:9618?addrs=137.138.55.115-9618+[2001-1458-d00-17--12a]-9618&alias=bigbird23.cern.ch&noUDP&sock=schedd_590833_df83>
...
040 (5202857.043.000) 11/21 18:01:07 Started transferring input files
	Transferring to host: <128.142.59.152:9618?addrs=128.142.59.152-9618+[2001-1458-301-21--100-97]-9618&alias=b7s04p6329.cern.ch&noUDP&sock=slot1_4_9399_3217_57171>
...
040 (5202857.043.000) 11/21 18:01:07 Finished transferring input files
...
001 (5202857.043.000) 11/21 18:01:08 Job executing on host: <128.142.59.152:9618?addrs=128.142.59.152-9618+[2001-1458-301-21--100-97]-9618&alias=b7s04p6329.cern.ch&noUDP&sock=startd_8412_82c3>
...
006 (5202857.043.000) 11/21 18:01:16 Image size of job updated: 74624
	73  -  MemoryUsage of job (MB)
	74624  -  ResidentSetSize of job (KB)
...
006 (5202857.043.000) 11/21 18:06:16 Image size of job updated: 934748
	428  -  MemoryUsage of job (MB)
	437672  -  ResidentSetSize of job (KB)
...
040 (5202857.043.000) 11/21 18:07:58 Started transferring output files
...
040 (5202857.043.000) 11/21 18:07:58 Finished transferring output files
...
005 (5202857.043.000) 11/21 18:07:58 Job terminated.
	(1) Normal termination (return value 0)
		Usr 0 00:06:44, Sys 0 00:00:00  -  Run Remote Usage
		Usr 0 00:00:00, Sys 0 00:00:00  -  Run Local Usage
		Usr 0 00:06:44, Sys 0 00:00:00  -  Total Remote Usage
		Usr 0 00:00:00, Sys 0 00:00:00  -  Total Local Usage
	9210  -  Run Bytes Sent By Job
	179  -  Run Bytes Received By Job
	9210  -  Total Bytes Sent By Job
	179  -  Total Bytes Received By Job
	Partitionable Resources :    Usage  Request Allocated 
	   Cpus                 :                 4         4 
	   Disk (KB)            :       27        1   1282512 
	   Memory (MB)          :      428     8000      8000 

	Job terminated of its own accord at 2023-11-21T17:07:58Z.
...
