000 (5202857.005.000) 11/21 18:00:03 Job submitted from host: <137.138.55.115:9618?addrs=137.138.55.115-9618+[2001-1458-d00-17--12a]-9618&alias=bigbird23.cern.ch&noUDP&sock=schedd_590833_df83>
...
040 (5202857.005.000) 11/21 18:00:53 Started transferring input files
	Transferring to host: <128.142.60.31:9618?addrs=128.142.60.31-9618&alias=b7s05p9648.cern.ch&noUDP&sock=slot1_1_4182_58e3_49547>
...
040 (5202857.005.000) 11/21 18:00:53 Finished transferring input files
...
001 (5202857.005.000) 11/21 18:00:54 Job executing on host: <128.142.60.31:9618?addrs=128.142.60.31-9618&alias=b7s05p9648.cern.ch&noUDP&sock=startd_2864_0b54>
...
006 (5202857.005.000) 11/21 18:01:03 Image size of job updated: 558580
	69  -  MemoryUsage of job (MB)
	69924  -  ResidentSetSize of job (KB)
...
006 (5202857.005.000) 11/21 18:06:04 Image size of job updated: 934808
	428  -  MemoryUsage of job (MB)
	437616  -  ResidentSetSize of job (KB)
...
040 (5202857.005.000) 11/21 18:07:47 Started transferring output files
...
040 (5202857.005.000) 11/21 18:07:47 Finished transferring output files
...
005 (5202857.005.000) 11/21 18:07:47 Job terminated.
	(1) Normal termination (return value 0)
		Usr 0 00:06:42, Sys 0 00:00:01  -  Run Remote Usage
		Usr 0 00:00:00, Sys 0 00:00:00  -  Run Local Usage
		Usr 0 00:06:42, Sys 0 00:00:01  -  Total Remote Usage
		Usr 0 00:00:00, Sys 0 00:00:00  -  Total Local Usage
	9213  -  Run Bytes Sent By Job
	179  -  Run Bytes Received By Job
	9213  -  Total Bytes Sent By Job
	179  -  Total Bytes Received By Job
	Partitionable Resources :    Usage  Request Allocated 
	   Cpus                 :     0.03        4         4 
	   Disk (KB)            :    34           1   1304848 
	   Memory (MB)          :   428        8000      8000 

	Job terminated of its own accord at 2023-11-21T17:07:47Z.
...
