Submit skim jobs at 
PWD: /afs/cern.ch/work/r/rpradhan/With_NirbhayBhai/Pythia8_V1

You have given 5 arguments including the program name;  Your program will run


Starting at : Tue Nov 21 18:00:53 2023

++++++++++++++++++++++++++++++++++++++++++++++++++++++++++++++++ 

Adding file:--- /eos/user/r/rpradhan/Research/With_NirbhayBhai/RootFile/Step_1/Step1_001/pp13TeV_Step1.root--- to the chains
Adding file:--- /eos/user/r/rpradhan/Research/With_NirbhayBhai/RootFile/Step_1/Step1_002/pp13TeV_Step1.root--- to the chains
Adding file:--- /eos/user/r/rpradhan/Research/With_NirbhayBhai/RootFile/Step_1/Step1_003/pp13TeV_Step1.root--- to the chains
Adding file:--- /eos/user/r/rpradhan/Research/With_NirbhayBhai/RootFile/Step_1/Step1_004/pp13TeV_Step1.root--- to the chains
Adding file:--- /eos/user/r/rpradhan/Research/With_NirbhayBhai/RootFile/Step_1/Step1_005/pp13TeV_Step1.root--- to the chains
Adding file:--- /eos/user/r/rpradhan/Research/With_NirbhayBhai/RootFile/Step_1/Step1_006/pp13TeV_Step1.root--- to the chains
Adding file:--- /eos/user/r/rpradhan/Research/With_NirbhayBhai/RootFile/Step_1/Step1_007/pp13TeV_Step1.root--- to the chains
Adding file:--- /eos/user/r/rpradhan/Research/With_NirbhayBhai/RootFile/Step_1/Step1_008/pp13TeV_Step1.root--- to the chains
Adding file:--- /eos/user/r/rpradhan/Research/With_NirbhayBhai/RootFile/Step_1/Step1_009/pp13TeV_Step1.root--- to the chains
Adding file:--- /eos/user/r/rpradhan/Research/With_NirbhayBhai/RootFile/Step_1/Step1_010/pp13TeV_Step1.root--- to the chains

Total number of events in those files: 100000

0  events running of total events 100000
10000  events running of total events 100000
20000  events running of total events 100000
30000  events running of total events 100000
40000  events running of total events 100000
50000  events running of total events 100000
60000  events running of total events 100000
70000  events running of total events 100000
80000  events running of total events 100000
90000  events running of total events 100000

~~~~~~~~~~mixing loop start~~~~~~~~~~~~~~~~~~~~

0 th event running for mixing of total events 99990 with multiplicity 104
10000 th event running for mixing of total events 99990 with multiplicity 47
20000 th event running for mixing of total events 99990 with multiplicity 102
30000 th event running for mixing of total events 99990 with multiplicity 16
40000 th event running for mixing of total events 99990 with multiplicity 33
50000 th event running for mixing of total events 99990 with multiplicity 97
60000 th event running for mixing of total events 99990 with multiplicity 20
70000 th event running for mixing of total events 99990 with multiplicity 71
80000 th event running for mixing of total events 99990 with multiplicity 10
90000 th event running for mixing of total events 99990 with multiplicity 25

~~~~~~~~~~mixing loop end~~~~~~~~~~~~~~~~~~~~~~

~~~~~~~~~~~~~~~~~~~~~~~~~~Finished, DONE~~~~~~~~~~~~~~~~~~~~~~~~~~~~~~~~~~

========================================
Total running time: 495.13 [s]
========================================

+++++++++++++++++++++++++++++++++++++++++++++++++++++++++++++++++++++++++++

Stopping at : Tue Nov 21 18:09:15 2023

+++++++++++++++++++++++++++++++++++++++++++++++++++++++++++++++++++++++++++

