000 (5202857.012.000) 11/21 18:00:03 Job submitted from host: <137.138.55.115:9618?addrs=137.138.55.115-9618+[2001-1458-d00-17--12a]-9618&alias=bigbird23.cern.ch&noUDP&sock=schedd_590833_df83>
...
040 (5202857.012.000) 11/21 18:00:55 Started transferring input files
	Transferring to host: <128.142.132.26:9618?addrs=128.142.132.26-9618+[2001-1458-301-5a--100-e]-9618&alias=b7g12p1870.cern.ch&noUDP&sock=slot1_4_7832_1a38_199314>
...
040 (5202857.012.000) 11/21 18:00:55 Finished transferring input files
...
001 (5202857.012.000) 11/21 18:00:56 Job executing on host: <128.142.132.26:9618?addrs=128.142.132.26-9618+[2001-1458-301-5a--100-e]-9618&alias=b7g12p1870.cern.ch&noUDP&sock=startd_6595_332e>
...
006 (5202857.012.000) 11/21 18:01:05 Image size of job updated: 568208
	74  -  MemoryUsage of job (MB)
	75596  -  ResidentSetSize of job (KB)
...
006 (5202857.012.000) 11/21 18:06:06 Image size of job updated: 935404
	428  -  MemoryUsage of job (MB)
	438164  -  ResidentSetSize of job (KB)
...
040 (5202857.012.000) 11/21 18:09:47 Started transferring output files
...
040 (5202857.012.000) 11/21 18:09:47 Finished transferring output files
...
005 (5202857.012.000) 11/21 18:09:47 Job terminated.
	(1) Normal termination (return value 0)
		Usr 0 00:08:46, Sys 0 00:00:00  -  Run Remote Usage
		Usr 0 00:00:00, Sys 0 00:00:00  -  Run Local Usage
		Usr 0 00:08:46, Sys 0 00:00:00  -  Total Remote Usage
		Usr 0 00:00:00, Sys 0 00:00:00  -  Total Local Usage
	9212  -  Run Bytes Sent By Job
	179  -  Run Bytes Received By Job
	9212  -  Total Bytes Sent By Job
	179  -  Total Bytes Received By Job
	Partitionable Resources :    Usage  Request Allocated 
	   Cpus                 :     1.00        4         4 
	   Disk (KB)            :    34           1   1666067 
	   Memory (MB)          :   428        8000      8000 

	Job terminated of its own accord at 2023-11-21T17:09:47Z.
...
