000 (5202857.025.000) 11/21 18:00:03 Job submitted from host: <137.138.55.115:9618?addrs=137.138.55.115-9618+[2001-1458-d00-17--12a]-9618&alias=bigbird23.cern.ch&noUDP&sock=schedd_590833_df83>
...
040 (5202857.025.000) 11/21 18:00:59 Started transferring input files
	Transferring to host: <128.142.60.137:9618?addrs=128.142.60.137-9618+[2001-1458-301-22--100-88]-9618&alias=b7s05p7197.cern.ch&noUDP&sock=slot1_4_8279_0dea_105364>
...
040 (5202857.025.000) 11/21 18:00:59 Finished transferring input files
...
001 (5202857.025.000) 11/21 18:01:00 Job executing on host: <128.142.60.137:9618?addrs=128.142.60.137-9618+[2001-1458-301-22--100-88]-9618&alias=b7s05p7197.cern.ch&noUDP&sock=startd_6544_37d9>
...
006 (5202857.025.000) 11/21 18:01:09 Image size of job updated: 573584
	76  -  MemoryUsage of job (MB)
	77192  -  ResidentSetSize of job (KB)
...
006 (5202857.025.000) 11/21 18:06:10 Image size of job updated: 936772
	430  -  MemoryUsage of job (MB)
	439684  -  ResidentSetSize of job (KB)
...
040 (5202857.025.000) 11/21 18:08:09 Started transferring output files
...
040 (5202857.025.000) 11/21 18:08:09 Finished transferring output files
...
005 (5202857.025.000) 11/21 18:08:09 Job terminated.
	(1) Normal termination (return value 0)
		Usr 0 00:07:02, Sys 0 00:00:01  -  Run Remote Usage
		Usr 0 00:00:00, Sys 0 00:00:00  -  Run Local Usage
		Usr 0 00:07:02, Sys 0 00:00:01  -  Total Remote Usage
		Usr 0 00:00:00, Sys 0 00:00:00  -  Total Local Usage
	9212  -  Run Bytes Sent By Job
	179  -  Run Bytes Received By Job
	9212  -  Total Bytes Sent By Job
	179  -  Total Bytes Received By Job
	Partitionable Resources :    Usage  Request Allocated 
	   Cpus                 :                 4         4 
	   Disk (KB)            :       27        1   1286857 
	   Memory (MB)          :      430     8000      8000 

	Job terminated of its own accord at 2023-11-21T17:08:09Z.
...
