Submit skim jobs at 
PWD: /afs/cern.ch/work/r/rpradhan/With_NirbhayBhai/Pythia8_V1

You have given 5 arguments including the program name;  Your program will run


Starting at : Mon Oct 23 05:22:27 2023

++++++++++++++++++++++++++++++++++++++++++++++++++++++++++++++++ 

Adding file:--- /eos/user/r/rpradhan/Research/With_NirbhayBhai/RootFile/Pythia8307/Step_1_7TeV_OneBaryonNew/Step1_7TeV_360/pp7TeV_Step1_oneBaryon.root--- to the chains
Adding file:--- /eos/user/r/rpradhan/Research/With_NirbhayBhai/RootFile/Pythia8307/Step_1_7TeV_OneBaryonNew/Step1_7TeV_361/pp7TeV_Step1_oneBaryon.root--- to the chains
Adding file:--- /eos/user/r/rpradhan/Research/With_NirbhayBhai/RootFile/Pythia8307/Step_1_7TeV_OneBaryonNew/Step1_7TeV_362/pp7TeV_Step1_oneBaryon.root--- to the chains
Adding file:--- /eos/user/r/rpradhan/Research/With_NirbhayBhai/RootFile/Pythia8307/Step_1_7TeV_OneBaryonNew/Step1_7TeV_363/pp7TeV_Step1_oneBaryon.root--- to the chains
Adding file:--- /eos/user/r/rpradhan/Research/With_NirbhayBhai/RootFile/Pythia8307/Step_1_7TeV_OneBaryonNew/Step1_7TeV_364/pp7TeV_Step1_oneBaryon.root--- to the chains
Adding file:--- /eos/user/r/rpradhan/Research/With_NirbhayBhai/RootFile/Pythia8307/Step_1_7TeV_OneBaryonNew/Step1_7TeV_365/pp7TeV_Step1_oneBaryon.root--- to the chains
Adding file:--- /eos/user/r/rpradhan/Research/With_NirbhayBhai/RootFile/Pythia8307/Step_1_7TeV_OneBaryonNew/Step1_7TeV_366/pp7TeV_Step1_oneBaryon.root--- to the chains
Adding file:--- /eos/user/r/rpradhan/Research/With_NirbhayBhai/RootFile/Pythia8307/Step_1_7TeV_OneBaryonNew/Step1_7TeV_367/pp7TeV_Step1_oneBaryon.root--- to the chains
Adding file:--- /eos/user/r/rpradhan/Research/With_NirbhayBhai/RootFile/Pythia8307/Step_1_7TeV_OneBaryonNew/Step1_7TeV_368/pp7TeV_Step1_oneBaryon.root--- to the chains
Adding file:--- /eos/user/r/rpradhan/Research/With_NirbhayBhai/RootFile/Pythia8307/Step_1_7TeV_OneBaryonNew/Step1_7TeV_369/pp7TeV_Step1_oneBaryon.root--- to the chains
Adding file:--- /eos/user/r/rpradhan/Research/With_NirbhayBhai/RootFile/Pythia8307/Step_1_7TeV_OneBaryonNew/Step1_7TeV_370/pp7TeV_Step1_oneBaryon.root--- to the chains
Adding file:--- /eos/user/r/rpradhan/Research/With_NirbhayBhai/RootFile/Pythia8307/Step_1_7TeV_OneBaryonNew/Step1_7TeV_371/pp7TeV_Step1_oneBaryon.root--- to the chains
Adding file:--- /eos/user/r/rpradhan/Research/With_NirbhayBhai/RootFile/Pythia8307/Step_1_7TeV_OneBaryonNew/Step1_7TeV_372/pp7TeV_Step1_oneBaryon.root--- to the chains
Adding file:--- /eos/user/r/rpradhan/Research/With_NirbhayBhai/RootFile/Pythia8307/Step_1_7TeV_OneBaryonNew/Step1_7TeV_373/pp7TeV_Step1_oneBaryon.root--- to the chains
Adding file:--- /eos/user/r/rpradhan/Research/With_NirbhayBhai/RootFile/Pythia8307/Step_1_7TeV_OneBaryonNew/Step1_7TeV_374/pp7TeV_Step1_oneBaryon.root--- to the chains
Adding file:--- /eos/user/r/rpradhan/Research/With_NirbhayBhai/RootFile/Pythia8307/Step_1_7TeV_OneBaryonNew/Step1_7TeV_375/pp7TeV_Step1_oneBaryon.root--- to the chains
Adding file:--- /eos/user/r/rpradhan/Research/With_NirbhayBhai/RootFile/Pythia8307/Step_1_7TeV_OneBaryonNew/Step1_7TeV_376/pp7TeV_Step1_oneBaryon.root--- to the chains
Adding file:--- /eos/user/r/rpradhan/Research/With_NirbhayBhai/RootFile/Pythia8307/Step_1_7TeV_OneBaryonNew/Step1_7TeV_377/pp7TeV_Step1_oneBaryon.root--- to the chains
Adding file:--- /eos/user/r/rpradhan/Research/With_NirbhayBhai/RootFile/Pythia8307/Step_1_7TeV_OneBaryonNew/Step1_7TeV_378/pp7TeV_Step1_oneBaryon.root--- to the chains
Adding file:--- /eos/user/r/rpradhan/Research/With_NirbhayBhai/RootFile/Pythia8307/Step_1_7TeV_OneBaryonNew/Step1_7TeV_379/pp7TeV_Step1_oneBaryon.root--- to the chains

Total number of events in those files: 20053

0  events running of total events 20053
10000  events running of total events 20053
20000  events running of total events 20053

~~~~~~~~~~mixing loop start~~~~~~~~~~~~~~~~~~~~

0 th event running for mixing of total events 20053 with multiplicity 14
10000 th event running for mixing of total events 20053 with multiplicity 5
20000 th event running for mixing of total events 20053 with multiplicity 4

~~~~~~~~~~mixing loop end~~~~~~~~~~~~~~~~~~~~~~

~~~~~~~~~~~~~~~~~~~~~~~~~~Finished, DONE~~~~~~~~~~~~~~~~~~~~~~~~~~~~~~~~~~

========================================
Total running time: 4.3 [s]
========================================

+++++++++++++++++++++++++++++++++++++++++++++++++++++++++++++++++++++++++++

Stopping at : Mon Oct 23 05:22:34 2023

+++++++++++++++++++++++++++++++++++++++++++++++++++++++++++++++++++++++++++

