Submit skim jobs at 
PWD: /afs/cern.ch/work/r/rpradhan/With_NirbhayBhai/Pythia8_V1

You have given 5 arguments including the program name;  Your program will run


Starting at : Mon Oct 23 05:22:26 2023

++++++++++++++++++++++++++++++++++++++++++++++++++++++++++++++++ 

Adding file:--- /eos/user/r/rpradhan/Research/With_NirbhayBhai/RootFile/Pythia8307/Step_1_7TeV_OneBaryonNew/Step1_7TeV_260/pp7TeV_Step1_oneBaryon.root--- to the chains
Adding file:--- /eos/user/r/rpradhan/Research/With_NirbhayBhai/RootFile/Pythia8307/Step_1_7TeV_OneBaryonNew/Step1_7TeV_261/pp7TeV_Step1_oneBaryon.root--- to the chains
Adding file:--- /eos/user/r/rpradhan/Research/With_NirbhayBhai/RootFile/Pythia8307/Step_1_7TeV_OneBaryonNew/Step1_7TeV_262/pp7TeV_Step1_oneBaryon.root--- to the chains
Adding file:--- /eos/user/r/rpradhan/Research/With_NirbhayBhai/RootFile/Pythia8307/Step_1_7TeV_OneBaryonNew/Step1_7TeV_263/pp7TeV_Step1_oneBaryon.root--- to the chains
Adding file:--- /eos/user/r/rpradhan/Research/With_NirbhayBhai/RootFile/Pythia8307/Step_1_7TeV_OneBaryonNew/Step1_7TeV_264/pp7TeV_Step1_oneBaryon.root--- to the chains
Adding file:--- /eos/user/r/rpradhan/Research/With_NirbhayBhai/RootFile/Pythia8307/Step_1_7TeV_OneBaryonNew/Step1_7TeV_265/pp7TeV_Step1_oneBaryon.root--- to the chains
Adding file:--- /eos/user/r/rpradhan/Research/With_NirbhayBhai/RootFile/Pythia8307/Step_1_7TeV_OneBaryonNew/Step1_7TeV_266/pp7TeV_Step1_oneBaryon.root--- to the chains
Adding file:--- /eos/user/r/rpradhan/Research/With_NirbhayBhai/RootFile/Pythia8307/Step_1_7TeV_OneBaryonNew/Step1_7TeV_267/pp7TeV_Step1_oneBaryon.root--- to the chains
Adding file:--- /eos/user/r/rpradhan/Research/With_NirbhayBhai/RootFile/Pythia8307/Step_1_7TeV_OneBaryonNew/Step1_7TeV_268/pp7TeV_Step1_oneBaryon.root--- to the chains
Adding file:--- /eos/user/r/rpradhan/Research/With_NirbhayBhai/RootFile/Pythia8307/Step_1_7TeV_OneBaryonNew/Step1_7TeV_269/pp7TeV_Step1_oneBaryon.root--- to the chains
Adding file:--- /eos/user/r/rpradhan/Research/With_NirbhayBhai/RootFile/Pythia8307/Step_1_7TeV_OneBaryonNew/Step1_7TeV_270/pp7TeV_Step1_oneBaryon.root--- to the chains
Adding file:--- /eos/user/r/rpradhan/Research/With_NirbhayBhai/RootFile/Pythia8307/Step_1_7TeV_OneBaryonNew/Step1_7TeV_271/pp7TeV_Step1_oneBaryon.root--- to the chains
Adding file:--- /eos/user/r/rpradhan/Research/With_NirbhayBhai/RootFile/Pythia8307/Step_1_7TeV_OneBaryonNew/Step1_7TeV_272/pp7TeV_Step1_oneBaryon.root--- to the chains
Adding file:--- /eos/user/r/rpradhan/Research/With_NirbhayBhai/RootFile/Pythia8307/Step_1_7TeV_OneBaryonNew/Step1_7TeV_273/pp7TeV_Step1_oneBaryon.root--- to the chains
Adding file:--- /eos/user/r/rpradhan/Research/With_NirbhayBhai/RootFile/Pythia8307/Step_1_7TeV_OneBaryonNew/Step1_7TeV_274/pp7TeV_Step1_oneBaryon.root--- to the chains
Adding file:--- /eos/user/r/rpradhan/Research/With_NirbhayBhai/RootFile/Pythia8307/Step_1_7TeV_OneBaryonNew/Step1_7TeV_275/pp7TeV_Step1_oneBaryon.root--- to the chains
Adding file:--- /eos/user/r/rpradhan/Research/With_NirbhayBhai/RootFile/Pythia8307/Step_1_7TeV_OneBaryonNew/Step1_7TeV_276/pp7TeV_Step1_oneBaryon.root--- to the chains
Adding file:--- /eos/user/r/rpradhan/Research/With_NirbhayBhai/RootFile/Pythia8307/Step_1_7TeV_OneBaryonNew/Step1_7TeV_277/pp7TeV_Step1_oneBaryon.root--- to the chains
Adding file:--- /eos/user/r/rpradhan/Research/With_NirbhayBhai/RootFile/Pythia8307/Step_1_7TeV_OneBaryonNew/Step1_7TeV_278/pp7TeV_Step1_oneBaryon.root--- to the chains
Adding file:--- /eos/user/r/rpradhan/Research/With_NirbhayBhai/RootFile/Pythia8307/Step_1_7TeV_OneBaryonNew/Step1_7TeV_279/pp7TeV_Step1_oneBaryon.root--- to the chains

Total number of events in those files: 20279

0  events running of total events 20279
10000  events running of total events 20279
20000  events running of total events 20279

~~~~~~~~~~mixing loop start~~~~~~~~~~~~~~~~~~~~

0 th event running for mixing of total events 20279 with multiplicity 5
10000 th event running for mixing of total events 20279 with multiplicity 14
20000 th event running for mixing of total events 20279 with multiplicity 12

~~~~~~~~~~mixing loop end~~~~~~~~~~~~~~~~~~~~~~

~~~~~~~~~~~~~~~~~~~~~~~~~~Finished, DONE~~~~~~~~~~~~~~~~~~~~~~~~~~~~~~~~~~

========================================
Total running time: 4.5 [s]
========================================

+++++++++++++++++++++++++++++++++++++++++++++++++++++++++++++++++++++++++++

Stopping at : Mon Oct 23 05:22:33 2023

+++++++++++++++++++++++++++++++++++++++++++++++++++++++++++++++++++++++++++

