Submit skim jobs at 
PWD: /afs/cern.ch/work/r/rpradhan/With_NirbhayBhai/Pythia8_V1

You have given 5 arguments including the program name;  Your program will run


Starting at : Mon Oct 23 05:22:32 2023

++++++++++++++++++++++++++++++++++++++++++++++++++++++++++++++++ 

Adding file:--- /eos/user/r/rpradhan/Research/With_NirbhayBhai/RootFile/Pythia8307/Step_1_7TeV_OneBaryonNew/Step1_7TeV_540/pp7TeV_Step1_oneBaryon.root--- to the chains
Adding file:--- /eos/user/r/rpradhan/Research/With_NirbhayBhai/RootFile/Pythia8307/Step_1_7TeV_OneBaryonNew/Step1_7TeV_541/pp7TeV_Step1_oneBaryon.root--- to the chains
Adding file:--- /eos/user/r/rpradhan/Research/With_NirbhayBhai/RootFile/Pythia8307/Step_1_7TeV_OneBaryonNew/Step1_7TeV_542/pp7TeV_Step1_oneBaryon.root--- to the chains
Adding file:--- /eos/user/r/rpradhan/Research/With_NirbhayBhai/RootFile/Pythia8307/Step_1_7TeV_OneBaryonNew/Step1_7TeV_543/pp7TeV_Step1_oneBaryon.root--- to the chains
Adding file:--- /eos/user/r/rpradhan/Research/With_NirbhayBhai/RootFile/Pythia8307/Step_1_7TeV_OneBaryonNew/Step1_7TeV_544/pp7TeV_Step1_oneBaryon.root--- to the chains
Adding file:--- /eos/user/r/rpradhan/Research/With_NirbhayBhai/RootFile/Pythia8307/Step_1_7TeV_OneBaryonNew/Step1_7TeV_545/pp7TeV_Step1_oneBaryon.root--- to the chains
Adding file:--- /eos/user/r/rpradhan/Research/With_NirbhayBhai/RootFile/Pythia8307/Step_1_7TeV_OneBaryonNew/Step1_7TeV_546/pp7TeV_Step1_oneBaryon.root--- to the chains
Adding file:--- /eos/user/r/rpradhan/Research/With_NirbhayBhai/RootFile/Pythia8307/Step_1_7TeV_OneBaryonNew/Step1_7TeV_547/pp7TeV_Step1_oneBaryon.root--- to the chains
Adding file:--- /eos/user/r/rpradhan/Research/With_NirbhayBhai/RootFile/Pythia8307/Step_1_7TeV_OneBaryonNew/Step1_7TeV_548/pp7TeV_Step1_oneBaryon.root--- to the chains
Adding file:--- /eos/user/r/rpradhan/Research/With_NirbhayBhai/RootFile/Pythia8307/Step_1_7TeV_OneBaryonNew/Step1_7TeV_549/pp7TeV_Step1_oneBaryon.root--- to the chains
Adding file:--- /eos/user/r/rpradhan/Research/With_NirbhayBhai/RootFile/Pythia8307/Step_1_7TeV_OneBaryonNew/Step1_7TeV_550/pp7TeV_Step1_oneBaryon.root--- to the chains
Adding file:--- /eos/user/r/rpradhan/Research/With_NirbhayBhai/RootFile/Pythia8307/Step_1_7TeV_OneBaryonNew/Step1_7TeV_551/pp7TeV_Step1_oneBaryon.root--- to the chains
Adding file:--- /eos/user/r/rpradhan/Research/With_NirbhayBhai/RootFile/Pythia8307/Step_1_7TeV_OneBaryonNew/Step1_7TeV_552/pp7TeV_Step1_oneBaryon.root--- to the chains
Adding file:--- /eos/user/r/rpradhan/Research/With_NirbhayBhai/RootFile/Pythia8307/Step_1_7TeV_OneBaryonNew/Step1_7TeV_553/pp7TeV_Step1_oneBaryon.root--- to the chains
Adding file:--- /eos/user/r/rpradhan/Research/With_NirbhayBhai/RootFile/Pythia8307/Step_1_7TeV_OneBaryonNew/Step1_7TeV_554/pp7TeV_Step1_oneBaryon.root--- to the chains
Adding file:--- /eos/user/r/rpradhan/Research/With_NirbhayBhai/RootFile/Pythia8307/Step_1_7TeV_OneBaryonNew/Step1_7TeV_555/pp7TeV_Step1_oneBaryon.root--- to the chains
Adding file:--- /eos/user/r/rpradhan/Research/With_NirbhayBhai/RootFile/Pythia8307/Step_1_7TeV_OneBaryonNew/Step1_7TeV_556/pp7TeV_Step1_oneBaryon.root--- to the chains
Adding file:--- /eos/user/r/rpradhan/Research/With_NirbhayBhai/RootFile/Pythia8307/Step_1_7TeV_OneBaryonNew/Step1_7TeV_557/pp7TeV_Step1_oneBaryon.root--- to the chains
Adding file:--- /eos/user/r/rpradhan/Research/With_NirbhayBhai/RootFile/Pythia8307/Step_1_7TeV_OneBaryonNew/Step1_7TeV_558/pp7TeV_Step1_oneBaryon.root--- to the chains
Adding file:--- /eos/user/r/rpradhan/Research/With_NirbhayBhai/RootFile/Pythia8307/Step_1_7TeV_OneBaryonNew/Step1_7TeV_559/pp7TeV_Step1_oneBaryon.root--- to the chains

Total number of events in those files: 20140

0  events running of total events 20140
10000  events running of total events 20140
20000  events running of total events 20140

~~~~~~~~~~mixing loop start~~~~~~~~~~~~~~~~~~~~

0 th event running for mixing of total events 20140 with multiplicity 9
10000 th event running for mixing of total events 20140 with multiplicity 9
20000 th event running for mixing of total events 20140 with multiplicity 8

~~~~~~~~~~mixing loop end~~~~~~~~~~~~~~~~~~~~~~

~~~~~~~~~~~~~~~~~~~~~~~~~~Finished, DONE~~~~~~~~~~~~~~~~~~~~~~~~~~~~~~~~~~

========================================
Total running time: 4 [s]
========================================

+++++++++++++++++++++++++++++++++++++++++++++++++++++++++++++++++++++++++++

Stopping at : Mon Oct 23 05:22:38 2023

+++++++++++++++++++++++++++++++++++++++++++++++++++++++++++++++++++++++++++

