000 (5044982.013.000) 10/23 05:19:28 Job submitted from host: <137.138.55.115:9618?addrs=137.138.55.115-9618+[2001-1458-d00-17--12a]-9618&alias=bigbird23.cern.ch&noUDP&sock=schedd_590833_df83>
...
040 (5044982.013.000) 10/23 05:22:24 Started transferring input files
	Transferring to host: <128.142.57.135:9618?addrs=128.142.57.135-9618+[2001-1458-301-7--100-86]-9618&alias=b7s02p8414.cern.ch&noUDP&sock=slot1_6_10393_8f00_4673>
...
040 (5044982.013.000) 10/23 05:22:24 Finished transferring input files
...
001 (5044982.013.000) 10/23 05:22:25 Job executing on host: <128.142.57.135:9618?addrs=128.142.57.135-9618+[2001-1458-301-7--100-86]-9618&alias=b7s02p8414.cern.ch&noUDP&sock=startd_9305_08d6>
...
006 (5044982.013.000) 10/23 05:22:33 Image size of job updated: 67788
	0  -  MemoryUsage of job (MB)
	0  -  ResidentSetSize of job (KB)
...
040 (5044982.013.000) 10/23 05:22:34 Started transferring output files
...
040 (5044982.013.000) 10/23 05:22:34 Finished transferring output files
...
005 (5044982.013.000) 10/23 05:22:34 Job terminated.
	(1) Normal termination (return value 0)
		Usr 0 00:00:04, Sys 0 00:00:00  -  Run Remote Usage
		Usr 0 00:00:00, Sys 0 00:00:00  -  Run Local Usage
		Usr 0 00:00:04, Sys 0 00:00:00  -  Total Remote Usage
		Usr 0 00:00:00, Sys 0 00:00:00  -  Total Local Usage
	10411  -  Run Bytes Sent By Job
	217  -  Run Bytes Received By Job
	10411  -  Total Bytes Sent By Job
	217  -  Total Bytes Received By Job
	Partitionable Resources :    Usage  Request Allocated 
	   Cpus                 :                 4         4 
	   Disk (KB)            :       28        1   1262428 
	   Memory (MB)          :        0     8000      8000 

	Job terminated of its own accord at 2023-10-23T03:22:33Z.
...
