000 (5044982.002.000) 10/23 05:19:28 Job submitted from host: <137.138.55.115:9618?addrs=137.138.55.115-9618+[2001-1458-d00-17--12a]-9618&alias=bigbird23.cern.ch&noUDP&sock=schedd_590833_df83>
...
040 (5044982.002.000) 10/23 05:22:20 Started transferring input files
	Transferring to host: <128.142.58.41:9618?addrs=128.142.58.41-9618+[2001-1458-301-16--100-28]-9618&alias=b7s03p6982.cern.ch&noUDP&sock=slot1_9_11536_e7ce_240577>
...
040 (5044982.002.000) 10/23 05:22:20 Finished transferring input files
...
001 (5044982.002.000) 10/23 05:22:21 Job executing on host: <128.142.58.41:9618?addrs=128.142.58.41-9618+[2001-1458-301-16--100-28]-9618&alias=b7s03p6982.cern.ch&noUDP&sock=startd_11296_b1e5>
...
006 (5044982.002.000) 10/23 05:22:29 Image size of job updated: 575264
	0  -  MemoryUsage of job (MB)
	0  -  ResidentSetSize of job (KB)
...
040 (5044982.002.000) 10/23 05:22:29 Started transferring output files
...
040 (5044982.002.000) 10/23 05:22:29 Finished transferring output files
...
005 (5044982.002.000) 10/23 05:22:29 Job terminated.
	(1) Normal termination (return value 0)
		Usr 0 00:00:03, Sys 0 00:00:00  -  Run Remote Usage
		Usr 0 00:00:00, Sys 0 00:00:00  -  Run Local Usage
		Usr 0 00:00:03, Sys 0 00:00:00  -  Total Remote Usage
		Usr 0 00:00:00, Sys 0 00:00:00  -  Total Local Usage
	10411  -  Run Bytes Sent By Job
	217  -  Run Bytes Received By Job
	10411  -  Total Bytes Sent By Job
	217  -  Total Bytes Received By Job
	Partitionable Resources :    Usage  Request Allocated 
	   Cpus                 :                 4         4 
	   Disk (KB)            :       28        1   1232265 
	   Memory (MB)          :        0     8000      8000 

	Job terminated of its own accord at 2023-10-23T03:22:29Z.
...
