000 (5044982.034.000) 10/23 05:19:28 Job submitted from host: <137.138.55.115:9618?addrs=137.138.55.115-9618+[2001-1458-d00-17--12a]-9618&alias=bigbird23.cern.ch&noUDP&sock=schedd_590833_df83>
...
040 (5044982.034.000) 10/23 05:22:32 Started transferring input files
	Transferring to host: <128.142.56.26:9618?addrs=128.142.56.26-9618+[2001-1458-301-6--100-19]-9618&alias=b7s01p7139.cern.ch&noUDP&sock=slot1_9_24782_e929_160808>
...
040 (5044982.034.000) 10/23 05:22:32 Finished transferring input files
...
001 (5044982.034.000) 10/23 05:22:33 Job executing on host: <128.142.56.26:9618?addrs=128.142.56.26-9618+[2001-1458-301-6--100-19]-9618&alias=b7s01p7139.cern.ch&noUDP&sock=startd_2947_f9b0>
...
006 (5044982.034.000) 10/23 05:22:41 Image size of job updated: 576156
	65  -  MemoryUsage of job (MB)
	65776  -  ResidentSetSize of job (KB)
...
040 (5044982.034.000) 10/23 05:22:41 Started transferring output files
...
040 (5044982.034.000) 10/23 05:22:42 Finished transferring output files
...
005 (5044982.034.000) 10/23 05:22:42 Job terminated.
	(1) Normal termination (return value 0)
		Usr 0 00:00:05, Sys 0 00:00:00  -  Run Remote Usage
		Usr 0 00:00:00, Sys 0 00:00:00  -  Run Local Usage
		Usr 0 00:00:05, Sys 0 00:00:00  -  Total Remote Usage
		Usr 0 00:00:00, Sys 0 00:00:00  -  Total Local Usage
	10580  -  Run Bytes Sent By Job
	217  -  Run Bytes Received By Job
	10580  -  Total Bytes Sent By Job
	217  -  Total Bytes Received By Job
	Partitionable Resources :    Usage  Request Allocated 
	   Cpus                 :                 4         4 
	   Disk (KB)            :       28        1   1256108 
	   Memory (MB)          :       65     8000      8000 

	Job terminated of its own accord at 2023-10-23T03:22:41Z.
...
