000 (5044982.007.000) 10/23 05:19:28 Job submitted from host: <137.138.55.115:9618?addrs=137.138.55.115-9618+[2001-1458-d00-17--12a]-9618&alias=bigbird23.cern.ch&noUDP&sock=schedd_590833_df83>
...
040 (5044982.007.000) 10/23 05:22:23 Started transferring input files
	Transferring to host: <128.142.63.28:9618?addrs=128.142.63.28-9618+[2001-1458-301-38--100-19]-9618&alias=b7s08p7717.cern.ch&noUDP&sock=slot1_11_39974_0c93_64151>
...
040 (5044982.007.000) 10/23 05:22:23 Finished transferring input files
...
001 (5044982.007.000) 10/23 05:22:24 Job executing on host: <128.142.63.28:9618?addrs=128.142.63.28-9618+[2001-1458-301-38--100-19]-9618&alias=b7s08p7717.cern.ch&noUDP&sock=startd_39770_7d94>
...
006 (5044982.007.000) 10/23 05:22:33 Image size of job updated: 67420
	63  -  MemoryUsage of job (MB)
	64236  -  ResidentSetSize of job (KB)
...
040 (5044982.007.000) 10/23 05:22:35 Started transferring output files
...
040 (5044982.007.000) 10/23 05:22:35 Finished transferring output files
...
005 (5044982.007.000) 10/23 05:22:35 Job terminated.
	(1) Normal termination (return value 0)
		Usr 0 00:00:05, Sys 0 00:00:00  -  Run Remote Usage
		Usr 0 00:00:00, Sys 0 00:00:00  -  Run Local Usage
		Usr 0 00:00:05, Sys 0 00:00:00  -  Total Remote Usage
		Usr 0 00:00:00, Sys 0 00:00:00  -  Total Local Usage
	10291  -  Run Bytes Sent By Job
	217  -  Run Bytes Received By Job
	10291  -  Total Bytes Sent By Job
	217  -  Total Bytes Received By Job
	Partitionable Resources :    Usage  Request Allocated 
	   Cpus                 :                 4         4 
	   Disk (KB)            :       28        1   1227800 
	   Memory (MB)          :       63     8000      8000 

	Job terminated of its own accord at 2023-10-23T03:22:35Z.
...
