000 (5044982.030.000) 10/23 05:19:28 Job submitted from host: <137.138.55.115:9618?addrs=137.138.55.115-9618+[2001-1458-d00-17--12a]-9618&alias=bigbird23.cern.ch&noUDP&sock=schedd_590833_df83>
...
040 (5044982.030.000) 10/23 05:22:29 Started transferring input files
	Transferring to host: <128.142.60.18:9618?addrs=128.142.60.18-9618+[2001-1458-301-22--100-11]-9618&alias=b7s05p7905.cern.ch&noUDP&sock=slot1_8_48062_c6dc_229329>
...
040 (5044982.030.000) 10/23 05:22:29 Finished transferring input files
...
001 (5044982.030.000) 10/23 05:22:30 Job executing on host: <128.142.60.18:9618?addrs=128.142.60.18-9618+[2001-1458-301-22--100-11]-9618&alias=b7s05p7905.cern.ch&noUDP&sock=startd_2801_d4dd>
...
006 (5044982.030.000) 10/23 05:22:38 Image size of job updated: 64768
	0  -  MemoryUsage of job (MB)
	0  -  ResidentSetSize of job (KB)
...
040 (5044982.030.000) 10/23 05:22:38 Started transferring output files
...
040 (5044982.030.000) 10/23 05:22:38 Finished transferring output files
...
005 (5044982.030.000) 10/23 05:22:38 Job terminated.
	(1) Normal termination (return value 0)
		Usr 0 00:00:04, Sys 0 00:00:00  -  Run Remote Usage
		Usr 0 00:00:00, Sys 0 00:00:00  -  Run Local Usage
		Usr 0 00:00:04, Sys 0 00:00:00  -  Total Remote Usage
		Usr 0 00:00:00, Sys 0 00:00:00  -  Total Local Usage
	10290  -  Run Bytes Sent By Job
	217  -  Run Bytes Received By Job
	10290  -  Total Bytes Sent By Job
	217  -  Total Bytes Received By Job
	Partitionable Resources :    Usage  Request Allocated 
	   Cpus                 :     0.03        4         4 
	   Disk (KB)            :    35           1   1295833 
	   Memory (MB)          :     0        8000      8000 

	Job terminated of its own accord at 2023-10-23T03:22:38Z.
...
