000 (5044982.000.000) 10/23 05:19:28 Job submitted from host: <137.138.55.115:9618?addrs=137.138.55.115-9618+[2001-1458-d00-17--12a]-9618&alias=bigbird23.cern.ch&noUDP&sock=schedd_590833_df83>
...
040 (5044982.000.000) 10/23 05:22:20 Started transferring input files
	Transferring to host: <188.184.162.80:9618?addrs=188.184.162.80-9618+[2001-1458-301-4a--100-4a]-9618&alias=b7s11p9449.cern.ch&noUDP&sock=slot1_1_212854_a609_62757>
...
040 (5044982.000.000) 10/23 05:22:20 Finished transferring input files
...
001 (5044982.000.000) 10/23 05:22:21 Job executing on host: <188.184.162.80:9618?addrs=188.184.162.80-9618+[2001-1458-301-4a--100-4a]-9618&alias=b7s11p9449.cern.ch&noUDP&sock=startd_212814_4807>
...
006 (5044982.000.000) 10/23 05:22:30 Image size of job updated: 515376
	63  -  MemoryUsage of job (MB)
	64348  -  ResidentSetSize of job (KB)
...
040 (5044982.000.000) 10/23 05:22:32 Started transferring output files
...
040 (5044982.000.000) 10/23 05:22:32 Finished transferring output files
...
005 (5044982.000.000) 10/23 05:22:32 Job terminated.
	(1) Normal termination (return value 0)
		Usr 0 00:00:06, Sys 0 00:00:01  -  Run Remote Usage
		Usr 0 00:00:00, Sys 0 00:00:00  -  Run Local Usage
		Usr 0 00:00:06, Sys 0 00:00:01  -  Total Remote Usage
		Usr 0 00:00:00, Sys 0 00:00:00  -  Total Local Usage
	10410  -  Run Bytes Sent By Job
	217  -  Run Bytes Received By Job
	10410  -  Total Bytes Sent By Job
	217  -  Total Bytes Received By Job
	Partitionable Resources :    Usage  Request Allocated 
	   Cpus                 :                 4         4 
	   Disk (KB)            :       28        1   2894482 
	   Memory (MB)          :       63     8000      8000 

	Job terminated of its own accord at 2023-10-23T03:22:31Z.
...
