Submit skim jobs at 
PWD: /afs/cern.ch/work/r/rpradhan/With_NirbhayBhai/Pythia8_V1

You have given 5 arguments including the program name;  Your program will run


Starting at : Mon Oct 23 05:22:29 2023

++++++++++++++++++++++++++++++++++++++++++++++++++++++++++++++++ 

Adding file:--- /eos/user/r/rpradhan/Research/With_NirbhayBhai/RootFile/Pythia8307/Step_1_7TeV_OneBaryonNew/Step1_7TeV_420/pp7TeV_Step1_oneBaryon.root--- to the chains
Adding file:--- /eos/user/r/rpradhan/Research/With_NirbhayBhai/RootFile/Pythia8307/Step_1_7TeV_OneBaryonNew/Step1_7TeV_421/pp7TeV_Step1_oneBaryon.root--- to the chains
Adding file:--- /eos/user/r/rpradhan/Research/With_NirbhayBhai/RootFile/Pythia8307/Step_1_7TeV_OneBaryonNew/Step1_7TeV_422/pp7TeV_Step1_oneBaryon.root--- to the chains
Adding file:--- /eos/user/r/rpradhan/Research/With_NirbhayBhai/RootFile/Pythia8307/Step_1_7TeV_OneBaryonNew/Step1_7TeV_423/pp7TeV_Step1_oneBaryon.root--- to the chains
Adding file:--- /eos/user/r/rpradhan/Research/With_NirbhayBhai/RootFile/Pythia8307/Step_1_7TeV_OneBaryonNew/Step1_7TeV_424/pp7TeV_Step1_oneBaryon.root--- to the chains
Adding file:--- /eos/user/r/rpradhan/Research/With_NirbhayBhai/RootFile/Pythia8307/Step_1_7TeV_OneBaryonNew/Step1_7TeV_425/pp7TeV_Step1_oneBaryon.root--- to the chains
Adding file:--- /eos/user/r/rpradhan/Research/With_NirbhayBhai/RootFile/Pythia8307/Step_1_7TeV_OneBaryonNew/Step1_7TeV_426/pp7TeV_Step1_oneBaryon.root--- to the chains
Adding file:--- /eos/user/r/rpradhan/Research/With_NirbhayBhai/RootFile/Pythia8307/Step_1_7TeV_OneBaryonNew/Step1_7TeV_427/pp7TeV_Step1_oneBaryon.root--- to the chains
Adding file:--- /eos/user/r/rpradhan/Research/With_NirbhayBhai/RootFile/Pythia8307/Step_1_7TeV_OneBaryonNew/Step1_7TeV_428/pp7TeV_Step1_oneBaryon.root--- to the chains
Adding file:--- /eos/user/r/rpradhan/Research/With_NirbhayBhai/RootFile/Pythia8307/Step_1_7TeV_OneBaryonNew/Step1_7TeV_429/pp7TeV_Step1_oneBaryon.root--- to the chains
Adding file:--- /eos/user/r/rpradhan/Research/With_NirbhayBhai/RootFile/Pythia8307/Step_1_7TeV_OneBaryonNew/Step1_7TeV_430/pp7TeV_Step1_oneBaryon.root--- to the chains
Adding file:--- /eos/user/r/rpradhan/Research/With_NirbhayBhai/RootFile/Pythia8307/Step_1_7TeV_OneBaryonNew/Step1_7TeV_431/pp7TeV_Step1_oneBaryon.root--- to the chains
Adding file:--- /eos/user/r/rpradhan/Research/With_NirbhayBhai/RootFile/Pythia8307/Step_1_7TeV_OneBaryonNew/Step1_7TeV_432/pp7TeV_Step1_oneBaryon.root--- to the chains
Adding file:--- /eos/user/r/rpradhan/Research/With_NirbhayBhai/RootFile/Pythia8307/Step_1_7TeV_OneBaryonNew/Step1_7TeV_433/pp7TeV_Step1_oneBaryon.root--- to the chains
Adding file:--- /eos/user/r/rpradhan/Research/With_NirbhayBhai/RootFile/Pythia8307/Step_1_7TeV_OneBaryonNew/Step1_7TeV_434/pp7TeV_Step1_oneBaryon.root--- to the chains
Adding file:--- /eos/user/r/rpradhan/Research/With_NirbhayBhai/RootFile/Pythia8307/Step_1_7TeV_OneBaryonNew/Step1_7TeV_435/pp7TeV_Step1_oneBaryon.root--- to the chains
Adding file:--- /eos/user/r/rpradhan/Research/With_NirbhayBhai/RootFile/Pythia8307/Step_1_7TeV_OneBaryonNew/Step1_7TeV_436/pp7TeV_Step1_oneBaryon.root--- to the chains
Adding file:--- /eos/user/r/rpradhan/Research/With_NirbhayBhai/RootFile/Pythia8307/Step_1_7TeV_OneBaryonNew/Step1_7TeV_437/pp7TeV_Step1_oneBaryon.root--- to the chains
Adding file:--- /eos/user/r/rpradhan/Research/With_NirbhayBhai/RootFile/Pythia8307/Step_1_7TeV_OneBaryonNew/Step1_7TeV_438/pp7TeV_Step1_oneBaryon.root--- to the chains
Adding file:--- /eos/user/r/rpradhan/Research/With_NirbhayBhai/RootFile/Pythia8307/Step_1_7TeV_OneBaryonNew/Step1_7TeV_439/pp7TeV_Step1_oneBaryon.root--- to the chains

Total number of events in those files: 19855

0  events running of total events 19855
10000  events running of total events 19855

~~~~~~~~~~mixing loop start~~~~~~~~~~~~~~~~~~~~

0 th event running for mixing of total events 19855 with multiplicity 8
10000 th event running for mixing of total events 19855 with multiplicity 5

~~~~~~~~~~mixing loop end~~~~~~~~~~~~~~~~~~~~~~

~~~~~~~~~~~~~~~~~~~~~~~~~~Finished, DONE~~~~~~~~~~~~~~~~~~~~~~~~~~~~~~~~~~

========================================
Total running time: 3.96 [s]
========================================

+++++++++++++++++++++++++++++++++++++++++++++++++++++++++++++++++++++++++++

Stopping at : Mon Oct 23 05:22:35 2023

+++++++++++++++++++++++++++++++++++++++++++++++++++++++++++++++++++++++++++

