Submit skim jobs at 
PWD: /afs/cern.ch/work/r/rpradhan/With_NirbhayBhai/Pythia8_V1

You have given 5 arguments including the program name;  Your program will run


Starting at : Mon Oct 23 05:22:32 2023

++++++++++++++++++++++++++++++++++++++++++++++++++++++++++++++++ 

Adding file:--- /eos/user/r/rpradhan/Research/With_NirbhayBhai/RootFile/Pythia8307/Step_1_7TeV_OneBaryonNew/Step1_7TeV_620/pp7TeV_Step1_oneBaryon.root--- to the chains
Adding file:--- /eos/user/r/rpradhan/Research/With_NirbhayBhai/RootFile/Pythia8307/Step_1_7TeV_OneBaryonNew/Step1_7TeV_621/pp7TeV_Step1_oneBaryon.root--- to the chains
Adding file:--- /eos/user/r/rpradhan/Research/With_NirbhayBhai/RootFile/Pythia8307/Step_1_7TeV_OneBaryonNew/Step1_7TeV_622/pp7TeV_Step1_oneBaryon.root--- to the chains
Adding file:--- /eos/user/r/rpradhan/Research/With_NirbhayBhai/RootFile/Pythia8307/Step_1_7TeV_OneBaryonNew/Step1_7TeV_623/pp7TeV_Step1_oneBaryon.root--- to the chains
Adding file:--- /eos/user/r/rpradhan/Research/With_NirbhayBhai/RootFile/Pythia8307/Step_1_7TeV_OneBaryonNew/Step1_7TeV_624/pp7TeV_Step1_oneBaryon.root--- to the chains
Adding file:--- /eos/user/r/rpradhan/Research/With_NirbhayBhai/RootFile/Pythia8307/Step_1_7TeV_OneBaryonNew/Step1_7TeV_625/pp7TeV_Step1_oneBaryon.root--- to the chains
Adding file:--- /eos/user/r/rpradhan/Research/With_NirbhayBhai/RootFile/Pythia8307/Step_1_7TeV_OneBaryonNew/Step1_7TeV_626/pp7TeV_Step1_oneBaryon.root--- to the chains
Adding file:--- /eos/user/r/rpradhan/Research/With_NirbhayBhai/RootFile/Pythia8307/Step_1_7TeV_OneBaryonNew/Step1_7TeV_627/pp7TeV_Step1_oneBaryon.root--- to the chains
Adding file:--- /eos/user/r/rpradhan/Research/With_NirbhayBhai/RootFile/Pythia8307/Step_1_7TeV_OneBaryonNew/Step1_7TeV_628/pp7TeV_Step1_oneBaryon.root--- to the chains
Adding file:--- /eos/user/r/rpradhan/Research/With_NirbhayBhai/RootFile/Pythia8307/Step_1_7TeV_OneBaryonNew/Step1_7TeV_629/pp7TeV_Step1_oneBaryon.root--- to the chains
Adding file:--- /eos/user/r/rpradhan/Research/With_NirbhayBhai/RootFile/Pythia8307/Step_1_7TeV_OneBaryonNew/Step1_7TeV_630/pp7TeV_Step1_oneBaryon.root--- to the chains
Adding file:--- /eos/user/r/rpradhan/Research/With_NirbhayBhai/RootFile/Pythia8307/Step_1_7TeV_OneBaryonNew/Step1_7TeV_631/pp7TeV_Step1_oneBaryon.root--- to the chains
Adding file:--- /eos/user/r/rpradhan/Research/With_NirbhayBhai/RootFile/Pythia8307/Step_1_7TeV_OneBaryonNew/Step1_7TeV_632/pp7TeV_Step1_oneBaryon.root--- to the chains
Adding file:--- /eos/user/r/rpradhan/Research/With_NirbhayBhai/RootFile/Pythia8307/Step_1_7TeV_OneBaryonNew/Step1_7TeV_633/pp7TeV_Step1_oneBaryon.root--- to the chains
Adding file:--- /eos/user/r/rpradhan/Research/With_NirbhayBhai/RootFile/Pythia8307/Step_1_7TeV_OneBaryonNew/Step1_7TeV_634/pp7TeV_Step1_oneBaryon.root--- to the chains
Adding file:--- /eos/user/r/rpradhan/Research/With_NirbhayBhai/RootFile/Pythia8307/Step_1_7TeV_OneBaryonNew/Step1_7TeV_635/pp7TeV_Step1_oneBaryon.root--- to the chains
Adding file:--- /eos/user/r/rpradhan/Research/With_NirbhayBhai/RootFile/Pythia8307/Step_1_7TeV_OneBaryonNew/Step1_7TeV_636/pp7TeV_Step1_oneBaryon.root--- to the chains
Adding file:--- /eos/user/r/rpradhan/Research/With_NirbhayBhai/RootFile/Pythia8307/Step_1_7TeV_OneBaryonNew/Step1_7TeV_637/pp7TeV_Step1_oneBaryon.root--- to the chains
Adding file:--- /eos/user/r/rpradhan/Research/With_NirbhayBhai/RootFile/Pythia8307/Step_1_7TeV_OneBaryonNew/Step1_7TeV_638/pp7TeV_Step1_oneBaryon.root--- to the chains
Adding file:--- /eos/user/r/rpradhan/Research/With_NirbhayBhai/RootFile/Pythia8307/Step_1_7TeV_OneBaryonNew/Step1_7TeV_639/pp7TeV_Step1_oneBaryon.root--- to the chains

Total number of events in those files: 20252

0  events running of total events 20252
10000  events running of total events 20252
20000  events running of total events 20252

~~~~~~~~~~mixing loop start~~~~~~~~~~~~~~~~~~~~

0 th event running for mixing of total events 20252 with multiplicity 12
10000 th event running for mixing of total events 20252 with multiplicity 3
20000 th event running for mixing of total events 20252 with multiplicity 11

~~~~~~~~~~mixing loop end~~~~~~~~~~~~~~~~~~~~~~

~~~~~~~~~~~~~~~~~~~~~~~~~~Finished, DONE~~~~~~~~~~~~~~~~~~~~~~~~~~~~~~~~~~

========================================
Total running time: 3.84 [s]
========================================

+++++++++++++++++++++++++++++++++++++++++++++++++++++++++++++++++++++++++++

Stopping at : Mon Oct 23 05:22:38 2023

+++++++++++++++++++++++++++++++++++++++++++++++++++++++++++++++++++++++++++

