000 (5033114.008.000) 10/21 22:29:12 Job submitted from host: <137.138.55.115:9618?addrs=137.138.55.115-9618+[2001-1458-d00-17--12a]-9618&alias=bigbird23.cern.ch&noUDP&sock=schedd_590833_df83>
...
040 (5033114.008.000) 10/21 22:32:31 Started transferring input files
	Transferring to host: <188.184.160.94:9618?addrs=188.184.160.94-9618+[2001-1458-301-48--100-58]-9618&alias=b7s09p6883.cern.ch&noUDP&sock=slot1_5_4538_2e72_7534>
...
040 (5033114.008.000) 10/21 22:32:31 Finished transferring input files
...
001 (5033114.008.000) 10/21 22:32:32 Job executing on host: <188.184.160.94:9618?addrs=188.184.160.94-9618+[2001-1458-301-48--100-58]-9618&alias=b7s09p6883.cern.ch&noUDP&sock=startd_3191_56cc>
...
006 (5033114.008.000) 10/21 22:32:38 Image size of job updated: 60088
	0  -  MemoryUsage of job (MB)
	0  -  ResidentSetSize of job (KB)
...
040 (5033114.008.000) 10/21 22:32:38 Started transferring output files
...
040 (5033114.008.000) 10/21 22:32:38 Finished transferring output files
...
005 (5033114.008.000) 10/21 22:32:38 Job terminated.
	(1) Normal termination (return value 0)
		Usr 0 00:00:03, Sys 0 00:00:00  -  Run Remote Usage
		Usr 0 00:00:00, Sys 0 00:00:00  -  Run Local Usage
		Usr 0 00:00:03, Sys 0 00:00:00  -  Total Remote Usage
		Usr 0 00:00:00, Sys 0 00:00:00  -  Total Local Usage
	9406  -  Run Bytes Sent By Job
	181  -  Run Bytes Received By Job
	9406  -  Total Bytes Sent By Job
	181  -  Total Bytes Received By Job
	Partitionable Resources :    Usage  Request Allocated 
	   Cpus                 :                 4         4 
	   Disk (KB)            :       27        1   2914680 
	   Memory (MB)          :        0     8000      8000 

	Job terminated of its own accord at 2023-10-21T20:32:38Z.
...
