000 (5033114.002.000) 10/21 22:29:12 Job submitted from host: <137.138.55.115:9618?addrs=137.138.55.115-9618+[2001-1458-d00-17--12a]-9618&alias=bigbird23.cern.ch&noUDP&sock=schedd_590833_df83>
...
040 (5033114.002.000) 10/21 22:32:29 Started transferring input files
	Transferring to host: <128.142.60.62:9618?addrs=128.142.60.62-9618+[2001-1458-301-22--100-3d]-9618&alias=b7s05p1161.cern.ch&noUDP&sock=slot1_10_4980_9c44_230713>
...
040 (5033114.002.000) 10/21 22:32:29 Finished transferring input files
...
001 (5033114.002.000) 10/21 22:32:30 Job executing on host: <128.142.60.62:9618?addrs=128.142.60.62-9618+[2001-1458-301-22--100-3d]-9618&alias=b7s05p1161.cern.ch&noUDP&sock=startd_4173_e8cd>
...
006 (5033114.002.000) 10/21 22:32:35 Image size of job updated: 520332
	0  -  MemoryUsage of job (MB)
	0  -  ResidentSetSize of job (KB)
...
040 (5033114.002.000) 10/21 22:32:36 Started transferring output files
...
040 (5033114.002.000) 10/21 22:32:36 Finished transferring output files
...
005 (5033114.002.000) 10/21 22:32:36 Job terminated.
	(1) Normal termination (return value 0)
		Usr 0 00:00:02, Sys 0 00:00:00  -  Run Remote Usage
		Usr 0 00:00:00, Sys 0 00:00:00  -  Run Local Usage
		Usr 0 00:00:02, Sys 0 00:00:00  -  Total Remote Usage
		Usr 0 00:00:00, Sys 0 00:00:00  -  Total Local Usage
	9075  -  Run Bytes Sent By Job
	181  -  Run Bytes Received By Job
	9075  -  Total Bytes Sent By Job
	181  -  Total Bytes Received By Job
	Partitionable Resources :    Usage  Request Allocated 
	   Cpus                 :                 4         4 
	   Disk (KB)            :       27        1   1265343 
	   Memory (MB)          :        0     8000      8000 

	Job terminated of its own accord at 2023-10-21T20:32:35Z.
...
