000 (5033114.005.000) 10/21 22:29:12 Job submitted from host: <137.138.55.115:9618?addrs=137.138.55.115-9618+[2001-1458-d00-17--12a]-9618&alias=bigbird23.cern.ch&noUDP&sock=schedd_590833_df83>
...
040 (5033114.005.000) 10/21 22:32:32 Started transferring input files
	Transferring to host: <128.142.58.146:9618?addrs=128.142.58.146-9618+[2001-1458-301-16--100-91]-9618&alias=b7s03p1590.cern.ch&noUDP&sock=slot1_2_4313_a608_228765>
...
040 (5033114.005.000) 10/21 22:32:32 Finished transferring input files
...
001 (5033114.005.000) 10/21 22:32:33 Job executing on host: <128.142.58.146:9618?addrs=128.142.58.146-9618+[2001-1458-301-16--100-91]-9618&alias=b7s03p1590.cern.ch&noUDP&sock=startd_3138_fc47>
...
006 (5033114.005.000) 10/21 22:32:39 Image size of job updated: 561404
	0  -  MemoryUsage of job (MB)
	0  -  ResidentSetSize of job (KB)
...
040 (5033114.005.000) 10/21 22:32:39 Started transferring output files
...
040 (5033114.005.000) 10/21 22:32:39 Finished transferring output files
...
005 (5033114.005.000) 10/21 22:32:39 Job terminated.
	(1) Normal termination (return value 0)
		Usr 0 00:00:02, Sys 0 00:00:00  -  Run Remote Usage
		Usr 0 00:00:00, Sys 0 00:00:00  -  Run Local Usage
		Usr 0 00:00:02, Sys 0 00:00:00  -  Total Remote Usage
		Usr 0 00:00:00, Sys 0 00:00:00  -  Total Local Usage
	9076  -  Run Bytes Sent By Job
	181  -  Run Bytes Received By Job
	9076  -  Total Bytes Sent By Job
	181  -  Total Bytes Received By Job
	Partitionable Resources :    Usage  Request Allocated 
	   Cpus                 :                 4         4 
	   Disk (KB)            :       27        1   1261638 
	   Memory (MB)          :        0     8000      8000 

	Job terminated of its own accord at 2023-10-21T20:32:39Z.
...
