000 (5033114.000.000) 10/21 22:29:12 Job submitted from host: <137.138.55.115:9618?addrs=137.138.55.115-9618+[2001-1458-d00-17--12a]-9618&alias=bigbird23.cern.ch&noUDP&sock=schedd_590833_df83>
...
040 (5033114.000.000) 10/21 22:32:28 Started transferring input files
	Transferring to host: <128.142.58.148:9618?addrs=128.142.58.148-9618+[2001-1458-301-16--100-93]-9618&alias=b7s03p0836.cern.ch&noUDP&sock=slot1_8_4182_58e3_223948>
...
040 (5033114.000.000) 10/21 22:32:28 Finished transferring input files
...
001 (5033114.000.000) 10/21 22:32:29 Job executing on host: <128.142.58.148:9618?addrs=128.142.58.148-9618+[2001-1458-301-16--100-93]-9618&alias=b7s03p0836.cern.ch&noUDP&sock=startd_3212_be49>
...
006 (5033114.000.000) 10/21 22:32:38 Image size of job updated: 520328
	40  -  MemoryUsage of job (MB)
	40296  -  ResidentSetSize of job (KB)
...
006 (5033114.000.000) 10/21 22:32:53 Image size of job updated: 568152
	40  -  MemoryUsage of job (MB)
	40296  -  ResidentSetSize of job (KB)
...
040 (5033114.000.000) 10/21 22:32:53 Started transferring output files
...
040 (5033114.000.000) 10/21 22:32:53 Finished transferring output files
...
005 (5033114.000.000) 10/21 22:32:53 Job terminated.
	(1) Normal termination (return value 0)
		Usr 0 00:00:02, Sys 0 00:00:00  -  Run Remote Usage
		Usr 0 00:00:00, Sys 0 00:00:00  -  Run Local Usage
		Usr 0 00:00:02, Sys 0 00:00:00  -  Total Remote Usage
		Usr 0 00:00:00, Sys 0 00:00:00  -  Total Local Usage
	9075  -  Run Bytes Sent By Job
	181  -  Run Bytes Received By Job
	9075  -  Total Bytes Sent By Job
	181  -  Total Bytes Received By Job
	Partitionable Resources :    Usage  Request Allocated 
	   Cpus                 :                 4         4 
	   Disk (KB)            :       27        1   2836828 
	   Memory (MB)          :       40     8000      8000 

	Job terminated of its own accord at 2023-10-21T20:32:53Z.
...
